<?xml version="1.0" encoding="utf-8"?>
<!DOCTYPE coverage SYSTEM "http://cobertura.sourceforge.net/xml/coverage-04.dtd">
<coverage line-rate="0.27694687983496646" branch-rate="0.2818181818181818" lines-covered="537" lines-valid="1939" branches-covered="93" branches-valid="330" complexity="495" version="0" timestamp="1766635940">
  <sources>
    <source>/home/runner/work/dotnet-etcd/dotnet-etcd/dotnet-etcd/</source>
  </sources>
  <packages>
    <package name="dotnet-etcd" line-rate="0.27694687983496646" branch-rate="0.2818181818181818" complexity="495">
      <classes>
        <class name="dotnet_etcd.AsyncDuplexStreamingCallAdapter`2" filename="/home/runner/work/dotnet-etcd/dotnet-etcd/dotnet-etcd/AsyncDuplexStreamingCallAdapter.cs" line-rate="0" branch-rate="0" complexity="8">
          <methods>
            <method name="get_RequestStream" signature="()" line-rate="0" branch-rate="1" complexity="1">
              <lines>
                <line number="29" hits="0" branch="false" />
              </lines>
            </method>
            <method name="get_ResponseStream" signature="()" line-rate="0" branch-rate="1" complexity="1">
              <lines>
                <line number="32" hits="0" branch="false" />
              </lines>
            </method>
            <method name="GetHeadersAsync" signature="()" line-rate="0" branch-rate="1" complexity="1">
              <lines>
                <line number="35" hits="0" branch="false" />
              </lines>
            </method>
            <method name="GetStatus" signature="()" line-rate="0" branch-rate="1" complexity="1">
              <lines>
                <line number="38" hits="0" branch="false" />
              </lines>
            </method>
            <method name="GetTrailers" signature="()" line-rate="0" branch-rate="1" complexity="1">
              <lines>
                <line number="41" hits="0" branch="false" />
              </lines>
            </method>
            <method name="Dispose" signature="()" line-rate="0" branch-rate="1" complexity="1">
              <lines>
                <line number="45" hits="0" branch="false" />
                <line number="46" hits="0" branch="false" />
                <line number="47" hits="0" branch="false" />
                <line number="48" hits="0" branch="false" />
              </lines>
            </method>
            <method name=".ctor" signature="(Grpc.Core.AsyncDuplexStreamingCall`2&lt;TRequest,TResponse&gt;)" line-rate="0" branch-rate="0" complexity="2">
              <lines>
                <line number="25" hits="0" branch="false" />
                <line number="26" hits="0" branch="true" condition-coverage="0% (0/2)" />
              </lines>
            </method>
          </methods>
          <lines>
            <line number="25" hits="0" branch="false" />
            <line number="26" hits="0" branch="true" condition-coverage="0% (0/2)" />
            <line number="29" hits="0" branch="false" />
            <line number="32" hits="0" branch="false" />
            <line number="35" hits="0" branch="false" />
            <line number="38" hits="0" branch="false" />
            <line number="41" hits="0" branch="false" />
            <line number="45" hits="0" branch="false" />
            <line number="46" hits="0" branch="false" />
            <line number="47" hits="0" branch="false" />
            <line number="48" hits="0" branch="false" />
          </lines>
        </class>
        <class name="dotnet_etcd.AsyncStreamCallFactory`2" filename="/home/runner/work/dotnet-etcd/dotnet-etcd/dotnet-etcd/AsyncStreamCallFactory.cs" line-rate="0.42857142857142855" branch-rate="0.5" complexity="3">
          <methods>
            <method name="CreateDuplexStreamingCall" signature="(Grpc.Core.Metadata,System.Nullable`1&lt;System.DateTime&gt;,System.Threading.CancellationToken)" line-rate="0" branch-rate="1" complexity="1">
              <lines>
                <line number="35" hits="0" branch="false" />
                <line number="36" hits="0" branch="false" />
                <line number="37" hits="0" branch="false" />
                <line number="38" hits="0" branch="false" />
              </lines>
            </method>
            <method name=".ctor" signature="(System.Func`4&lt;Grpc.Core.Metadata,System.Nullable`1&lt;System.DateTime&gt;,System.Threading.CancellationToken,Grpc.Core.AsyncDuplexStreamingCall`2&lt;TRequest,TResponse&gt;&gt;)" line-rate="1" branch-rate="0.5" complexity="2">
              <lines>
                <line number="26" hits="63" branch="false" />
                <line number="27" hits="63" branch="false" />
                <line number="28" hits="63" branch="true" condition-coverage="50% (1/2)" />
              </lines>
            </method>
          </methods>
          <lines>
            <line number="26" hits="63" branch="false" />
            <line number="27" hits="63" branch="false" />
            <line number="28" hits="63" branch="true" condition-coverage="50% (1/2)" />
            <line number="35" hits="0" branch="false" />
            <line number="36" hits="0" branch="false" />
            <line number="37" hits="0" branch="false" />
            <line number="38" hits="0" branch="false" />
          </lines>
        </class>
        <class name="dotnet_etcd.AuthenticationInterceptor" filename="/home/runner/work/dotnet-etcd/dotnet-etcd/dotnet-etcd/AuthenticationInterceptor.cs" line-rate="1" branch-rate="0.9285714285714286" complexity="19">
          <methods>
            <method name="AsyncUnaryCall" signature="(TRequest,Grpc.Core.Interceptors.ClientInterceptorContext`2&lt;TRequest,TResponse&gt;,Grpc.Core.Interceptors.Interceptor/AsyncUnaryCallContinuation`2&lt;TRequest,TResponse&gt;)" line-rate="1" branch-rate="1" complexity="1">
              <lines>
                <line number="29" hits="3" branch="false" />
                <line number="30" hits="3" branch="false" />
                <line number="31" hits="3" branch="false" />
                <line number="32" hits="3" branch="false" />
                <line number="33" hits="3" branch="false" />
                <line number="35" hits="3" branch="false" />
                <line number="36" hits="3" branch="false" />
              </lines>
            </method>
            <method name="AsyncClientStreamingCall" signature="(Grpc.Core.Interceptors.ClientInterceptorContext`2&lt;TRequest,TResponse&gt;,Grpc.Core.Interceptors.Interceptor/AsyncClientStreamingCallContinuation`2&lt;TRequest,TResponse&gt;)" line-rate="1" branch-rate="1" complexity="1">
              <lines>
                <line number="41" hits="2" branch="false" />
                <line number="42" hits="2" branch="false" />
                <line number="43" hits="2" branch="false" />
                <line number="44" hits="2" branch="false" />
                <line number="45" hits="2" branch="false" />
                <line number="47" hits="2" branch="false" />
                <line number="48" hits="2" branch="false" />
              </lines>
            </method>
            <method name="AsyncServerStreamingCall" signature="(TRequest,Grpc.Core.Interceptors.ClientInterceptorContext`2&lt;TRequest,TResponse&gt;,Grpc.Core.Interceptors.Interceptor/AsyncServerStreamingCallContinuation`2&lt;TRequest,TResponse&gt;)" line-rate="1" branch-rate="1" complexity="1">
              <lines>
                <line number="54" hits="2" branch="false" />
                <line number="55" hits="2" branch="false" />
                <line number="56" hits="2" branch="false" />
                <line number="57" hits="2" branch="false" />
                <line number="58" hits="2" branch="false" />
                <line number="60" hits="2" branch="false" />
                <line number="61" hits="2" branch="false" />
              </lines>
            </method>
            <method name="AsyncDuplexStreamingCall" signature="(Grpc.Core.Interceptors.ClientInterceptorContext`2&lt;TRequest,TResponse&gt;,Grpc.Core.Interceptors.Interceptor/AsyncDuplexStreamingCallContinuation`2&lt;TRequest,TResponse&gt;)" line-rate="1" branch-rate="1" complexity="1">
              <lines>
                <line number="66" hits="2" branch="false" />
                <line number="67" hits="2" branch="false" />
                <line number="68" hits="2" branch="false" />
                <line number="69" hits="2" branch="false" />
                <line number="70" hits="2" branch="false" />
                <line number="72" hits="2" branch="false" />
                <line number="73" hits="2" branch="false" />
              </lines>
            </method>
            <method name="BlockingUnaryCall" signature="(TRequest,Grpc.Core.Interceptors.ClientInterceptorContext`2&lt;TRequest,TResponse&gt;,Grpc.Core.Interceptors.Interceptor/BlockingUnaryCallContinuation`2&lt;TRequest,TResponse&gt;)" line-rate="1" branch-rate="1" complexity="1">
              <lines>
                <line number="79" hits="10" branch="false" />
                <line number="80" hits="10" branch="false" />
                <line number="81" hits="10" branch="false" />
                <line number="82" hits="10" branch="false" />
                <line number="83" hits="10" branch="false" />
                <line number="85" hits="10" branch="false" />
                <line number="86" hits="10" branch="false" />
              </lines>
            </method>
            <method name="AddAuthToken" signature="(Grpc.Core.Metadata)" line-rate="1" branch-rate="0.9166666666666666" complexity="12">
              <lines>
                <line number="89" hits="19" branch="false" />
                <line number="91" hits="19" branch="true" condition-coverage="100% (2/2)" />
                <line number="94" hits="19" branch="true" condition-coverage="100% (2/2)" />
                <line number="95" hits="4" branch="false" />
                <line number="96" hits="28" branch="true" condition-coverage="100% (2/2)" />
                <line number="97" hits="8" branch="false" />
                <line number="99" hits="8" branch="true" condition-coverage="100% (2/2)" />
                <line number="100" hits="5" branch="false" />
                <line number="101" hits="5" branch="false" />
                <line number="102" hits="5" branch="false" />
                <line number="103" hits="8" branch="false" />
                <line number="104" hits="4" branch="false" />
                <line number="107" hits="19" branch="true" condition-coverage="50% (1/2)" />
                <line number="110" hits="19" branch="true" condition-coverage="100% (2/2)" />
                <line number="111" hits="12" branch="false" />
                <line number="112" hits="12" branch="false" />
                <line number="113" hits="12" branch="false" />
                <line number="115" hits="19" branch="false" />
                <line number="116" hits="19" branch="false" />
              </lines>
            </method>
            <method name=".ctor" signature="(System.Func`1&lt;System.String&gt;)" line-rate="1" branch-rate="1" complexity="2">
              <lines>
                <line number="20" hits="83" branch="false" />
                <line number="21" hits="83" branch="false" />
                <line number="22" hits="83" branch="true" condition-coverage="100% (2/2)" />
                <line number="23" hits="82" branch="false" />
              </lines>
            </method>
          </methods>
          <lines>
            <line number="20" hits="83" branch="false" />
            <line number="21" hits="83" branch="false" />
            <line number="22" hits="83" branch="true" condition-coverage="100% (2/2)" />
            <line number="23" hits="82" branch="false" />
            <line number="29" hits="3" branch="false" />
            <line number="30" hits="3" branch="false" />
            <line number="31" hits="3" branch="false" />
            <line number="32" hits="3" branch="false" />
            <line number="33" hits="3" branch="false" />
            <line number="35" hits="3" branch="false" />
            <line number="36" hits="3" branch="false" />
            <line number="41" hits="2" branch="false" />
            <line number="42" hits="2" branch="false" />
            <line number="43" hits="2" branch="false" />
            <line number="44" hits="2" branch="false" />
            <line number="45" hits="2" branch="false" />
            <line number="47" hits="2" branch="false" />
            <line number="48" hits="2" branch="false" />
            <line number="54" hits="2" branch="false" />
            <line number="55" hits="2" branch="false" />
            <line number="56" hits="2" branch="false" />
            <line number="57" hits="2" branch="false" />
            <line number="58" hits="2" branch="false" />
            <line number="60" hits="2" branch="false" />
            <line number="61" hits="2" branch="false" />
            <line number="66" hits="2" branch="false" />
            <line number="67" hits="2" branch="false" />
            <line number="68" hits="2" branch="false" />
            <line number="69" hits="2" branch="false" />
            <line number="70" hits="2" branch="false" />
            <line number="72" hits="2" branch="false" />
            <line number="73" hits="2" branch="false" />
            <line number="79" hits="10" branch="false" />
            <line number="80" hits="10" branch="false" />
            <line number="81" hits="10" branch="false" />
            <line number="82" hits="10" branch="false" />
            <line number="83" hits="10" branch="false" />
            <line number="85" hits="10" branch="false" />
            <line number="86" hits="10" branch="false" />
            <line number="89" hits="19" branch="false" />
            <line number="91" hits="19" branch="true" condition-coverage="100% (2/2)" />
            <line number="94" hits="19" branch="true" condition-coverage="100% (2/2)" />
            <line number="95" hits="4" branch="false" />
            <line number="96" hits="28" branch="true" condition-coverage="100% (2/2)" />
            <line number="97" hits="8" branch="false" />
            <line number="99" hits="8" branch="true" condition-coverage="100% (2/2)" />
            <line number="100" hits="5" branch="false" />
            <line number="101" hits="5" branch="false" />
            <line number="102" hits="5" branch="false" />
            <line number="103" hits="8" branch="false" />
            <line number="104" hits="4" branch="false" />
            <line number="107" hits="19" branch="true" condition-coverage="50% (1/2)" />
            <line number="110" hits="19" branch="true" condition-coverage="100% (2/2)" />
            <line number="111" hits="12" branch="false" />
            <line number="112" hits="12" branch="false" />
            <line number="113" hits="12" branch="false" />
            <line number="115" hits="19" branch="false" />
            <line number="116" hits="19" branch="false" />
          </lines>
        </class>
        <class name="dotnet_etcd.ConnectionStringParser" filename="/home/runner/work/dotnet-etcd/dotnet-etcd/dotnet-etcd/ConnectionStringParser.cs" line-rate="1" branch-rate="0.95" complexity="20">
          <methods>
            <method name="ParseConnectionString" signature="(System.String,System.Int32,Grpc.Core.ChannelCredentials)" line-rate="1" branch-rate="0.95" complexity="20">
              <lines>
                <line number="28" hits="22" branch="false" />
                <line number="29" hits="22" branch="true" condition-coverage="100% (2/2)" />
                <line number="30" hits="2" branch="false" />
                <line number="31" hits="2" branch="false" />
                <line number="34" hits="20" branch="true" condition-coverage="100% (2/2)" />
                <line number="35" hits="1" branch="false" />
                <line number="36" hits="1" branch="false" />
                <line number="37" hits="1" branch="false" />
                <line number="38" hits="1" branch="false" />
                <line number="40" hits="20" branch="true" condition-coverage="100% (2/2)" />
                <line number="41" hits="3" branch="false" />
                <line number="42" hits="3" branch="false" />
                <line number="45" hits="17" branch="false" />
                <line number="46" hits="17" branch="false" />
                <line number="48" hits="91" branch="true" condition-coverage="100% (2/2)" />
                <line number="49" hits="20" branch="false" />
                <line number="50" hits="20" branch="false" />
                <line number="53" hits="20" branch="true" condition-coverage="100% (6/6)" />
                <line number="54" hits="20" branch="false" />
                <line number="55" hits="20" branch="false" />
                <line number="56" hits="9" branch="false" />
                <line number="57" hits="9" branch="false" />
                <line number="58" hits="9" branch="false" />
                <line number="60" hits="20" branch="true" condition-coverage="75% (3/4)" />
                <line number="61" hits="20" branch="false" />
                <line number="62" hits="18" branch="false" />
                <line number="63" hits="18" branch="true" condition-coverage="100% (2/2)" />
                <line number="64" hits="18" branch="false" />
                <line number="65" hits="18" branch="false" />
                <line number="66" hits="18" branch="false" />
                <line number="68" hits="20" branch="false" />
                <line number="69" hits="20" branch="false" />
                <line number="71" hits="17" branch="false" />
                <line number="72" hits="20" branch="false" />
              </lines>
            </method>
          </methods>
          <lines>
            <line number="28" hits="22" branch="false" />
            <line number="29" hits="22" branch="true" condition-coverage="100% (2/2)" />
            <line number="30" hits="2" branch="false" />
            <line number="31" hits="2" branch="false" />
            <line number="34" hits="20" branch="true" condition-coverage="100% (2/2)" />
            <line number="35" hits="1" branch="false" />
            <line number="36" hits="1" branch="false" />
            <line number="37" hits="1" branch="false" />
            <line number="38" hits="1" branch="false" />
            <line number="40" hits="20" branch="true" condition-coverage="100% (2/2)" />
            <line number="41" hits="3" branch="false" />
            <line number="42" hits="3" branch="false" />
            <line number="45" hits="17" branch="false" />
            <line number="46" hits="17" branch="false" />
            <line number="48" hits="91" branch="true" condition-coverage="100% (2/2)" />
            <line number="49" hits="20" branch="false" />
            <line number="50" hits="20" branch="false" />
            <line number="53" hits="20" branch="true" condition-coverage="100% (6/6)" />
            <line number="54" hits="20" branch="false" />
            <line number="55" hits="20" branch="false" />
            <line number="56" hits="9" branch="false" />
            <line number="57" hits="9" branch="false" />
            <line number="58" hits="9" branch="false" />
            <line number="60" hits="20" branch="true" condition-coverage="75% (3/4)" />
            <line number="61" hits="20" branch="false" />
            <line number="62" hits="18" branch="false" />
            <line number="63" hits="18" branch="true" condition-coverage="100% (2/2)" />
            <line number="64" hits="18" branch="false" />
            <line number="65" hits="18" branch="false" />
            <line number="66" hits="18" branch="false" />
            <line number="68" hits="20" branch="false" />
            <line number="69" hits="20" branch="false" />
            <line number="71" hits="17" branch="false" />
            <line number="72" hits="20" branch="false" />
          </lines>
        </class>
        <class name="dotnet_etcd.DependencyInjection.EtcdClientOptions" filename="/home/runner/work/dotnet-etcd/dotnet-etcd/dotnet-etcd/DependencyInjection/EtcdClientOptions.cs" line-rate="0.7619047619047619" branch-rate="0.6666666666666666" complexity="15">
          <methods>
            <method name="get_ConnectionString" signature="()" line-rate="1" branch-rate="1" complexity="1">
              <lines>
                <line number="21" hits="52" branch="false" />
              </lines>
            </method>
            <method name="get_Port" signature="()" line-rate="1" branch-rate="1" complexity="1">
              <lines>
                <line number="26" hits="49" branch="false" />
              </lines>
            </method>
            <method name="get_ServerName" signature="()" line-rate="1" branch-rate="1" complexity="1">
              <lines>
                <line number="31" hits="26" branch="false" />
              </lines>
            </method>
            <method name="get_ConfigureChannel" signature="()" line-rate="1" branch-rate="1" complexity="1">
              <lines>
                <line number="36" hits="6" branch="false" />
              </lines>
            </method>
            <method name="get_Interceptors" signature="()" line-rate="1" branch-rate="1" complexity="1">
              <lines>
                <line number="41" hits="6" branch="false" />
              </lines>
            </method>
            <method name="get_UseInsecureChannel" signature="()" line-rate="1" branch-rate="1" complexity="1">
              <lines>
                <line number="47" hits="9" branch="false" />
              </lines>
            </method>
            <method name="get_CallCredentials" signature="()" line-rate="1" branch-rate="1" complexity="1">
              <lines>
                <line number="52" hits="1" branch="false" />
              </lines>
            </method>
            <method name="get_ConfigureSslOptions" signature="()" line-rate="0" branch-rate="1" complexity="1">
              <lines>
                <line number="58" hits="0" branch="false" />
              </lines>
            </method>
            <method name="get_EnableRetryPolicy" signature="()" line-rate="1" branch-rate="1" complexity="1">
              <lines>
                <line number="63" hits="14" branch="false" />
              </lines>
            </method>
            <method name="ApplyTo" signature="(Grpc.Net.Client.GrpcChannelOptions)" line-rate="0.6666666666666666" branch-rate="0.6666666666666666" complexity="6">
              <lines>
                <line number="70" hits="5" branch="false" />
                <line number="71" hits="5" branch="true" condition-coverage="100% (2/2)" />
                <line number="72" hits="4" branch="false" />
                <line number="73" hits="4" branch="false" />
                <line number="74" hits="4" branch="false" />
                <line number="75" hits="1" branch="true" condition-coverage="50% (1/2)" />
                <line number="76" hits="0" branch="false" />
                <line number="77" hits="0" branch="false" />
                <line number="78" hits="0" branch="false" />
                <line number="79" hits="0" branch="false" />
                <line number="82" hits="5" branch="true" condition-coverage="50% (1/2)" />
                <line number="83" hits="5" branch="false" />
              </lines>
            </method>
          </methods>
          <lines>
            <line number="21" hits="52" branch="false" />
            <line number="26" hits="49" branch="false" />
            <line number="31" hits="26" branch="false" />
            <line number="36" hits="6" branch="false" />
            <line number="41" hits="6" branch="false" />
            <line number="47" hits="9" branch="false" />
            <line number="52" hits="1" branch="false" />
            <line number="58" hits="0" branch="false" />
            <line number="63" hits="14" branch="false" />
            <line number="70" hits="5" branch="false" />
            <line number="71" hits="5" branch="true" condition-coverage="100% (2/2)" />
            <line number="72" hits="4" branch="false" />
            <line number="73" hits="4" branch="false" />
            <line number="74" hits="4" branch="false" />
            <line number="75" hits="1" branch="true" condition-coverage="50% (1/2)" />
            <line number="76" hits="0" branch="false" />
            <line number="77" hits="0" branch="false" />
            <line number="78" hits="0" branch="false" />
            <line number="79" hits="0" branch="false" />
            <line number="82" hits="5" branch="true" condition-coverage="50% (1/2)" />
            <line number="83" hits="5" branch="false" />
          </lines>
        </class>
        <class name="dotnet_etcd.DependencyInjection.EtcdClientOptionsValidator" filename="/home/runner/work/dotnet-etcd/dotnet-etcd/dotnet-etcd/DependencyInjection/EtcdClientOptionsValidator.cs" line-rate="1" branch-rate="1" complexity="12">
          <methods>
            <method name="ValidateOptions" signature="(dotnet_etcd.DependencyInjection.EtcdClientOptions)" line-rate="1" branch-rate="1" complexity="12">
              <lines>
                <line number="20" hits="20" branch="false" />
                <line number="21" hits="20" branch="false" />
                <line number="23" hits="19" branch="true" condition-coverage="100% (2/2)" />
                <line number="24" hits="2" branch="false" />
                <line number="25" hits="2" branch="false" />
                <line number="29" hits="17" branch="true" condition-coverage="100% (6/6)" />
                <line number="30" hits="3" branch="false" />
                <line number="31" hits="3" branch="false" />
                <line number="35" hits="14" branch="true" condition-coverage="100% (4/4)" />
                <line number="36" hits="14" branch="false" />
                <line number="37" hits="2" branch="false" />
                <line number="38" hits="2" branch="false" />
                <line number="39" hits="2" branch="false" />
                <line number="41" hits="12" branch="false" />
              </lines>
            </method>
          </methods>
          <lines>
            <line number="20" hits="20" branch="false" />
            <line number="21" hits="20" branch="false" />
            <line number="23" hits="19" branch="true" condition-coverage="100% (2/2)" />
            <line number="24" hits="2" branch="false" />
            <line number="25" hits="2" branch="false" />
            <line number="29" hits="17" branch="true" condition-coverage="100% (6/6)" />
            <line number="30" hits="3" branch="false" />
            <line number="31" hits="3" branch="false" />
            <line number="35" hits="14" branch="true" condition-coverage="100% (4/4)" />
            <line number="36" hits="14" branch="false" />
            <line number="37" hits="2" branch="false" />
            <line number="38" hits="2" branch="false" />
            <line number="39" hits="2" branch="false" />
            <line number="41" hits="12" branch="false" />
          </lines>
        </class>
        <class name="dotnet_etcd.DependencyInjection.ServiceCollectionExtensions" filename="/home/runner/work/dotnet-etcd/dotnet-etcd/dotnet-etcd/DependencyInjection/ServiceCollectionExtensions.cs" line-rate="0.8556701030927835" branch-rate="0.3" complexity="13">
          <methods>
            <method name="AddEtcdClient" signature="(Microsoft.Extensions.DependencyInjection.IServiceCollection,System.String,System.Int32,System.String,System.Action`1&lt;Grpc.Net.Client.GrpcChannelOptions&gt;,Grpc.Core.Interceptors.Interceptor[])" line-rate="0.875" branch-rate="0.5" complexity="2">
              <lines>
                <line number="35" hits="2" branch="false" />
                <line number="36" hits="2" branch="false" />
                <line number="38" hits="1" branch="true" condition-coverage="50% (1/2)" />
                <line number="39" hits="0" branch="false" />
                <line number="40" hits="0" branch="false" />
                <line number="43" hits="1" branch="false" />
                <line number="44" hits="1" branch="false" />
                <line number="45" hits="1" branch="false" />
                <line number="46" hits="1" branch="false" />
                <line number="47" hits="1" branch="false" />
                <line number="48" hits="1" branch="false" />
                <line number="49" hits="1" branch="false" />
                <line number="50" hits="1" branch="false" />
                <line number="53" hits="1" branch="false" />
                <line number="55" hits="1" branch="false" />
                <line number="56" hits="1" branch="false" />
              </lines>
            </method>
            <method name="AddEtcdClient" signature="(Microsoft.Extensions.DependencyInjection.IServiceCollection,System.Action`1&lt;dotnet_etcd.DependencyInjection.EtcdClientOptions&gt;)" line-rate="1" branch-rate="1" complexity="1">
              <lines>
                <line number="67" hits="2" branch="false" />
                <line number="68" hits="2" branch="false" />
                <line number="69" hits="2" branch="false" />
                <line number="71" hits="1" branch="false" />
                <line number="72" hits="1" branch="false" />
                <line number="74" hits="1" branch="false" />
                <line number="75" hits="1" branch="false" />
              </lines>
            </method>
            <method name="AddEtcdClient" signature="(Microsoft.Extensions.DependencyInjection.IServiceCollection,System.Action`2&lt;System.IServiceProvider,dotnet_etcd.DependencyInjection.EtcdClientOptions&gt;)" line-rate="1" branch-rate="1" complexity="1">
              <lines>
                <line number="86" hits="1" branch="false" />
                <line number="87" hits="1" branch="false" />
                <line number="88" hits="1" branch="false" />
                <line number="90" hits="1" branch="false" />
                <line number="91" hits="1" branch="false" />
                <line number="92" hits="1" branch="false" />
                <line number="93" hits="1" branch="false" />
                <line number="94" hits="1" branch="false" />
                <line number="95" hits="1" branch="false" />
                <line number="96" hits="1" branch="false" />
                <line number="97" hits="1" branch="false" />
                <line number="98" hits="1" branch="false" />
                <line number="99" hits="1" branch="false" />
                <line number="100" hits="1" branch="false" />
                <line number="101" hits="2" branch="false" />
                <line number="102" hits="1" branch="false" />
              </lines>
            </method>
            <method name="AddEtcdClient" signature="(Microsoft.Extensions.DependencyInjection.IServiceCollection,dotnet_etcd.DependencyInjection.EtcdClientOptions)" line-rate="1" branch-rate="1" complexity="1">
              <lines>
                <line number="113" hits="3" branch="false" />
                <line number="115" hits="3" branch="false" />
                <line number="117" hits="6" branch="false" />
                <line number="118" hits="3" branch="false" />
              </lines>
            </method>
            <method name="AddEtcdClient" signature="(Microsoft.Extensions.DependencyInjection.IServiceCollection,System.Func`2&lt;System.IServiceProvider,dotnet_etcd.DependencyInjection.EtcdClientOptions&gt;)" line-rate="0.8846153846153846" branch-rate="0" complexity="2">
              <lines>
                <line number="129" hits="5" branch="false" />
                <line number="130" hits="5" branch="false" />
                <line number="133" hits="5" branch="false" />
                <line number="134" hits="5" branch="false" />
                <line number="135" hits="5" branch="false" />
                <line number="136" hits="5" branch="false" />
                <line number="137" hits="5" branch="false" />
                <line number="138" hits="5" branch="false" />
                <line number="139" hits="5" branch="false" />
                <line number="140" hits="5" branch="false" />
                <line number="141" hits="5" branch="false" />
                <line number="142" hits="5" branch="false" />
                <line number="143" hits="5" branch="false" />
                <line number="144" hits="5" branch="false" />
                <line number="145" hits="5" branch="false" />
                <line number="146" hits="5" branch="false" />
                <line number="147" hits="5" branch="false" />
                <line number="148" hits="5" branch="false" />
                <line number="149" hits="10" branch="false" />
                <line number="152" hits="5" branch="false" />
                <line number="153" hits="0" branch="false" />
                <line number="154" hits="0" branch="false" />
                <line number="155" hits="0" branch="true" condition-coverage="0% (0/2)" />
                <line number="156" hits="5" branch="false" />
                <line number="158" hits="5" branch="false" />
                <line number="159" hits="5" branch="false" />
              </lines>
            </method>
            <method name="AddEtcdClient" signature="(Microsoft.Extensions.DependencyInjection.IServiceCollection,System.Func`2&lt;System.IServiceProvider,dotnet_etcd.interfaces.IConnection&gt;,System.Func`2&lt;System.IServiceProvider,dotnet_etcd.interfaces.IWatchManager&gt;)" line-rate="0.6785714285714286" branch-rate="0.3333333333333333" complexity="6">
              <lines>
                <line number="173" hits="1" branch="false" />
                <line number="174" hits="1" branch="false" />
                <line number="175" hits="1" branch="false" />
                <line number="178" hits="1" branch="false" />
                <line number="179" hits="1" branch="false" />
                <line number="180" hits="1" branch="false" />
                <line number="181" hits="1" branch="false" />
                <line number="182" hits="1" branch="true" condition-coverage="50% (1/2)" />
                <line number="183" hits="0" branch="false" />
                <line number="184" hits="0" branch="false" />
                <line number="185" hits="1" branch="false" />
                <line number="186" hits="1" branch="false" />
                <line number="187" hits="1" branch="false" />
                <line number="188" hits="1" branch="false" />
                <line number="189" hits="2" branch="false" />
                <line number="192" hits="1" branch="true" condition-coverage="50% (1/2)" />
                <line number="193" hits="1" branch="false" />
                <line number="194" hits="1" branch="false" />
                <line number="195" hits="1" branch="false" />
                <line number="197" hits="0" branch="false" />
                <line number="199" hits="0" branch="false" />
                <line number="200" hits="0" branch="false" />
                <line number="201" hits="0" branch="false" />
                <line number="202" hits="0" branch="true" condition-coverage="0% (0/2)" />
                <line number="203" hits="0" branch="false" />
                <line number="204" hits="0" branch="false" />
                <line number="206" hits="1" branch="false" />
                <line number="207" hits="1" branch="false" />
              </lines>
            </method>
          </methods>
          <lines>
            <line number="35" hits="2" branch="false" />
            <line number="36" hits="2" branch="false" />
            <line number="38" hits="1" branch="true" condition-coverage="50% (1/2)" />
            <line number="39" hits="0" branch="false" />
            <line number="40" hits="0" branch="false" />
            <line number="43" hits="1" branch="false" />
            <line number="44" hits="1" branch="false" />
            <line number="45" hits="1" branch="false" />
            <line number="46" hits="1" branch="false" />
            <line number="47" hits="1" branch="false" />
            <line number="48" hits="1" branch="false" />
            <line number="49" hits="1" branch="false" />
            <line number="50" hits="1" branch="false" />
            <line number="53" hits="1" branch="false" />
            <line number="55" hits="1" branch="false" />
            <line number="56" hits="1" branch="false" />
            <line number="67" hits="2" branch="false" />
            <line number="68" hits="2" branch="false" />
            <line number="69" hits="2" branch="false" />
            <line number="71" hits="1" branch="false" />
            <line number="72" hits="1" branch="false" />
            <line number="74" hits="1" branch="false" />
            <line number="75" hits="1" branch="false" />
            <line number="86" hits="1" branch="false" />
            <line number="87" hits="1" branch="false" />
            <line number="88" hits="1" branch="false" />
            <line number="90" hits="1" branch="false" />
            <line number="91" hits="1" branch="false" />
            <line number="92" hits="1" branch="false" />
            <line number="93" hits="1" branch="false" />
            <line number="94" hits="1" branch="false" />
            <line number="95" hits="1" branch="false" />
            <line number="96" hits="1" branch="false" />
            <line number="97" hits="1" branch="false" />
            <line number="98" hits="1" branch="false" />
            <line number="99" hits="1" branch="false" />
            <line number="100" hits="1" branch="false" />
            <line number="101" hits="2" branch="false" />
            <line number="102" hits="1" branch="false" />
            <line number="113" hits="3" branch="false" />
            <line number="115" hits="3" branch="false" />
            <line number="117" hits="6" branch="false" />
            <line number="118" hits="3" branch="false" />
            <line number="129" hits="5" branch="false" />
            <line number="130" hits="5" branch="false" />
            <line number="133" hits="5" branch="false" />
            <line number="134" hits="5" branch="false" />
            <line number="135" hits="5" branch="false" />
            <line number="136" hits="5" branch="false" />
            <line number="137" hits="5" branch="false" />
            <line number="138" hits="5" branch="false" />
            <line number="139" hits="5" branch="false" />
            <line number="140" hits="5" branch="false" />
            <line number="141" hits="5" branch="false" />
            <line number="142" hits="5" branch="false" />
            <line number="143" hits="5" branch="false" />
            <line number="144" hits="5" branch="false" />
            <line number="145" hits="5" branch="false" />
            <line number="146" hits="5" branch="false" />
            <line number="147" hits="5" branch="false" />
            <line number="148" hits="5" branch="false" />
            <line number="149" hits="10" branch="false" />
            <line number="152" hits="5" branch="false" />
            <line number="153" hits="0" branch="false" />
            <line number="154" hits="0" branch="false" />
            <line number="155" hits="0" branch="true" condition-coverage="0% (0/2)" />
            <line number="156" hits="5" branch="false" />
            <line number="158" hits="5" branch="false" />
            <line number="159" hits="5" branch="false" />
            <line number="173" hits="1" branch="false" />
            <line number="174" hits="1" branch="false" />
            <line number="175" hits="1" branch="false" />
            <line number="178" hits="1" branch="false" />
            <line number="179" hits="1" branch="false" />
            <line number="180" hits="1" branch="false" />
            <line number="181" hits="1" branch="false" />
            <line number="182" hits="1" branch="true" condition-coverage="50% (1/2)" />
            <line number="183" hits="0" branch="false" />
            <line number="184" hits="0" branch="false" />
            <line number="185" hits="1" branch="false" />
            <line number="186" hits="1" branch="false" />
            <line number="187" hits="1" branch="false" />
            <line number="188" hits="1" branch="false" />
            <line number="189" hits="2" branch="false" />
            <line number="192" hits="1" branch="true" condition-coverage="50% (1/2)" />
            <line number="193" hits="1" branch="false" />
            <line number="194" hits="1" branch="false" />
            <line number="195" hits="1" branch="false" />
            <line number="197" hits="0" branch="false" />
            <line number="199" hits="0" branch="false" />
            <line number="200" hits="0" branch="false" />
            <line number="201" hits="0" branch="false" />
            <line number="202" hits="0" branch="true" condition-coverage="0% (0/2)" />
            <line number="203" hits="0" branch="false" />
            <line number="204" hits="0" branch="false" />
            <line number="206" hits="1" branch="false" />
            <line number="207" hits="1" branch="false" />
          </lines>
        </class>
        <class name="dotnet_etcd.EtcdClient" filename="/home/runner/work/dotnet-etcd/dotnet-etcd/dotnet-etcd/authClient.cs" line-rate="0.275" branch-rate="1" complexity="32">
          <methods>
            <method name="Authenticate" signature="(Etcdserverpb.AuthenticateRequest,Grpc.Core.Metadata,System.Nullable`1&lt;System.DateTime&gt;,System.Threading.CancellationToken)" line-rate="1" branch-rate="1" complexity="1">
              <lines>
                <line number="21" hits="4" branch="false" />
                <line number="22" hits="4" branch="false" />
              </lines>
            </method>
            <method name="AuthEnable" signature="(Etcdserverpb.AuthEnableRequest,Grpc.Core.Metadata,System.Nullable`1&lt;System.DateTime&gt;,System.Threading.CancellationToken)" line-rate="1" branch-rate="1" complexity="1">
              <lines>
                <line number="48" hits="4" branch="false" />
                <line number="49" hits="4" branch="false" />
              </lines>
            </method>
            <method name="AuthDisable" signature="(Etcdserverpb.AuthDisableRequest,Grpc.Core.Metadata,System.Nullable`1&lt;System.DateTime&gt;,System.Threading.CancellationToken)" line-rate="1" branch-rate="1" complexity="1">
              <lines>
                <line number="75" hits="2" branch="false" />
                <line number="76" hits="2" branch="false" />
              </lines>
            </method>
            <method name="UserAdd" signature="(Etcdserverpb.AuthUserAddRequest,Grpc.Core.Metadata,System.Nullable`1&lt;System.DateTime&gt;,System.Threading.CancellationToken)" line-rate="1" branch-rate="1" complexity="1">
              <lines>
                <line number="102" hits="2" branch="false" />
                <line number="103" hits="2" branch="false" />
              </lines>
            </method>
            <method name="UserGet" signature="(Etcdserverpb.AuthUserGetRequest,Grpc.Core.Metadata,System.Nullable`1&lt;System.DateTime&gt;,System.Threading.CancellationToken)" line-rate="0" branch-rate="1" complexity="1">
              <lines>
                <line number="129" hits="0" branch="false" />
                <line number="130" hits="0" branch="false" />
              </lines>
            </method>
            <method name="UserList" signature="(Etcdserverpb.AuthUserListRequest,Grpc.Core.Metadata,System.Nullable`1&lt;System.DateTime&gt;,System.Threading.CancellationToken)" line-rate="1" branch-rate="1" complexity="1">
              <lines>
                <line number="156" hits="2" branch="false" />
                <line number="157" hits="2" branch="false" />
              </lines>
            </method>
            <method name="UserDelete" signature="(Etcdserverpb.AuthUserDeleteRequest,Grpc.Core.Metadata,System.Nullable`1&lt;System.DateTime&gt;,System.Threading.CancellationToken)" line-rate="1" branch-rate="1" complexity="1">
              <lines>
                <line number="183" hits="2" branch="false" />
                <line number="184" hits="2" branch="false" />
              </lines>
            </method>
            <method name="UserChangePassword" signature="(Etcdserverpb.AuthUserChangePasswordRequest,Grpc.Core.Metadata,System.Nullable`1&lt;System.DateTime&gt;,System.Threading.CancellationToken)" line-rate="0" branch-rate="1" complexity="1">
              <lines>
                <line number="210" hits="0" branch="false" />
                <line number="211" hits="0" branch="false" />
              </lines>
            </method>
            <method name="UserGrantRole" signature="(Etcdserverpb.AuthUserGrantRoleRequest,Grpc.Core.Metadata,System.Nullable`1&lt;System.DateTime&gt;,System.Threading.CancellationToken)" line-rate="0" branch-rate="1" complexity="1">
              <lines>
                <line number="237" hits="0" branch="false" />
                <line number="238" hits="0" branch="false" />
              </lines>
            </method>
            <method name="UserRevokeRole" signature="(Etcdserverpb.AuthUserRevokeRoleRequest,Grpc.Core.Metadata,System.Nullable`1&lt;System.DateTime&gt;,System.Threading.CancellationToken)" line-rate="0" branch-rate="1" complexity="1">
              <lines>
                <line number="264" hits="0" branch="false" />
                <line number="265" hits="0" branch="false" />
              </lines>
            </method>
            <method name="RoleAdd" signature="(Etcdserverpb.AuthRoleAddRequest,Grpc.Core.Metadata,System.Nullable`1&lt;System.DateTime&gt;,System.Threading.CancellationToken)" line-rate="1" branch-rate="1" complexity="1">
              <lines>
                <line number="291" hits="2" branch="false" />
                <line number="292" hits="2" branch="false" />
              </lines>
            </method>
            <method name="RoleGet" signature="(Etcdserverpb.AuthRoleGetRequest,Grpc.Core.Metadata,System.Nullable`1&lt;System.DateTime&gt;,System.Threading.CancellationToken)" line-rate="0" branch-rate="1" complexity="1">
              <lines>
                <line number="318" hits="0" branch="false" />
                <line number="319" hits="0" branch="false" />
              </lines>
            </method>
            <method name="RoleList" signature="(Etcdserverpb.AuthRoleListRequest,Grpc.Core.Metadata,System.Nullable`1&lt;System.DateTime&gt;,System.Threading.CancellationToken)" line-rate="0" branch-rate="1" complexity="1">
              <lines>
                <line number="345" hits="0" branch="false" />
                <line number="346" hits="0" branch="false" />
              </lines>
            </method>
            <method name="RoleDelete" signature="(Etcdserverpb.AuthRoleDeleteRequest,Grpc.Core.Metadata,System.Nullable`1&lt;System.DateTime&gt;,System.Threading.CancellationToken)" line-rate="0" branch-rate="1" complexity="1">
              <lines>
                <line number="372" hits="0" branch="false" />
                <line number="373" hits="0" branch="false" />
              </lines>
            </method>
            <method name="RoleGrantPermission" signature="(Etcdserverpb.AuthRoleGrantPermissionRequest,Grpc.Core.Metadata,System.Nullable`1&lt;System.DateTime&gt;,System.Threading.CancellationToken)" line-rate="1" branch-rate="1" complexity="1">
              <lines>
                <line number="399" hits="2" branch="false" />
                <line number="400" hits="2" branch="false" />
              </lines>
            </method>
            <method name="RoleRevokePermission" signature="(Etcdserverpb.AuthRoleRevokePermissionRequest,Grpc.Core.Metadata,System.Nullable`1&lt;System.DateTime&gt;,System.Threading.CancellationToken)" line-rate="0" branch-rate="1" complexity="1">
              <lines>
                <line number="426" hits="0" branch="false" />
                <line number="427" hits="0" branch="false" />
              </lines>
            </method>
            <method name="&lt;UserListAsync" signature="()" line-rate="0" branch-rate="1" complexity="1">
              <lines>
                <line number="169" hits="0" branch="false" />
                <line number="170" hits="0" branch="false" />
                <line number="171" hits="0" branch="false" />
              </lines>
            </method>
            <method name="&lt;UserDeleteAsync" signature="()" line-rate="1" branch-rate="1" complexity="1">
              <lines>
                <line number="196" hits="2" branch="false" />
                <line number="197" hits="2" branch="false" />
                <line number="198" hits="2" branch="false" />
              </lines>
            </method>
            <method name="&lt;UserChangePasswordAsync" signature="()" line-rate="0" branch-rate="1" complexity="1">
              <lines>
                <line number="223" hits="0" branch="false" />
                <line number="224" hits="0" branch="false" />
                <line number="225" hits="0" branch="false" />
              </lines>
            </method>
            <method name="&lt;UserGrantRoleAsync" signature="()" line-rate="0" branch-rate="1" complexity="1">
              <lines>
                <line number="250" hits="0" branch="false" />
                <line number="251" hits="0" branch="false" />
                <line number="252" hits="0" branch="false" />
              </lines>
            </method>
            <method name="&lt;UserRevokeRoleAsync" signature="()" line-rate="0" branch-rate="1" complexity="1">
              <lines>
                <line number="277" hits="0" branch="false" />
                <line number="278" hits="0" branch="false" />
                <line number="279" hits="0" branch="false" />
              </lines>
            </method>
            <method name="&lt;AuthenticateAsync" signature="()" line-rate="0" branch-rate="1" complexity="1">
              <lines>
                <line number="34" hits="0" branch="false" />
                <line number="35" hits="0" branch="false" />
                <line number="36" hits="0" branch="false" />
              </lines>
            </method>
            <method name="&lt;RoleAddAsync" signature="()" line-rate="0" branch-rate="1" complexity="1">
              <lines>
                <line number="304" hits="0" branch="false" />
                <line number="305" hits="0" branch="false" />
                <line number="306" hits="0" branch="false" />
              </lines>
            </method>
            <method name="&lt;RoleGetAsync" signature="()" line-rate="0" branch-rate="1" complexity="1">
              <lines>
                <line number="331" hits="0" branch="false" />
                <line number="332" hits="0" branch="false" />
                <line number="333" hits="0" branch="false" />
              </lines>
            </method>
            <method name="&lt;RoleListAsync" signature="()" line-rate="0" branch-rate="1" complexity="1">
              <lines>
                <line number="358" hits="0" branch="false" />
                <line number="359" hits="0" branch="false" />
                <line number="360" hits="0" branch="false" />
              </lines>
            </method>
            <method name="&lt;RoleDeleteAsync" signature="()" line-rate="0" branch-rate="1" complexity="1">
              <lines>
                <line number="385" hits="0" branch="false" />
                <line number="386" hits="0" branch="false" />
                <line number="387" hits="0" branch="false" />
              </lines>
            </method>
            <method name="&lt;RoleGrantPermissionAsync" signature="()" line-rate="0" branch-rate="1" complexity="1">
              <lines>
                <line number="412" hits="0" branch="false" />
                <line number="413" hits="0" branch="false" />
                <line number="414" hits="0" branch="false" />
              </lines>
            </method>
            <method name="&lt;RoleRevokePermissionAsync" signature="()" line-rate="0" branch-rate="1" complexity="1">
              <lines>
                <line number="439" hits="0" branch="false" />
                <line number="440" hits="0" branch="false" />
                <line number="441" hits="0" branch="false" />
              </lines>
            </method>
            <method name="&lt;AuthEnableAsync" signature="()" line-rate="1" branch-rate="1" complexity="1">
              <lines>
                <line number="61" hits="4" branch="false" />
                <line number="62" hits="4" branch="false" />
                <line number="63" hits="4" branch="false" />
              </lines>
            </method>
            <method name="&lt;AuthDisableAsync" signature="()" line-rate="0" branch-rate="1" complexity="1">
              <lines>
                <line number="88" hits="0" branch="false" />
                <line number="89" hits="0" branch="false" />
                <line number="90" hits="0" branch="false" />
              </lines>
            </method>
            <method name="&lt;UserAddAsync" signature="()" line-rate="0" branch-rate="1" complexity="1">
              <lines>
                <line number="115" hits="0" branch="false" />
                <line number="116" hits="0" branch="false" />
                <line number="117" hits="0" branch="false" />
              </lines>
            </method>
            <method name="&lt;UserGetAsync" signature="()" line-rate="0" branch-rate="1" complexity="1">
              <lines>
                <line number="142" hits="0" branch="false" />
                <line number="143" hits="0" branch="false" />
                <line number="144" hits="0" branch="false" />
              </lines>
            </method>
          </methods>
          <lines>
            <line number="21" hits="4" branch="false" />
            <line number="22" hits="4" branch="false" />
            <line number="34" hits="0" branch="false" />
            <line number="35" hits="0" branch="false" />
            <line number="36" hits="0" branch="false" />
            <line number="48" hits="4" branch="false" />
            <line number="49" hits="4" branch="false" />
            <line number="61" hits="4" branch="false" />
            <line number="62" hits="4" branch="false" />
            <line number="63" hits="4" branch="false" />
            <line number="75" hits="2" branch="false" />
            <line number="76" hits="2" branch="false" />
            <line number="88" hits="0" branch="false" />
            <line number="89" hits="0" branch="false" />
            <line number="90" hits="0" branch="false" />
            <line number="102" hits="2" branch="false" />
            <line number="103" hits="2" branch="false" />
            <line number="115" hits="0" branch="false" />
            <line number="116" hits="0" branch="false" />
            <line number="117" hits="0" branch="false" />
            <line number="129" hits="0" branch="false" />
            <line number="130" hits="0" branch="false" />
            <line number="142" hits="0" branch="false" />
            <line number="143" hits="0" branch="false" />
            <line number="144" hits="0" branch="false" />
            <line number="156" hits="2" branch="false" />
            <line number="157" hits="2" branch="false" />
            <line number="169" hits="0" branch="false" />
            <line number="170" hits="0" branch="false" />
            <line number="171" hits="0" branch="false" />
            <line number="183" hits="2" branch="false" />
            <line number="184" hits="2" branch="false" />
            <line number="196" hits="2" branch="false" />
            <line number="197" hits="2" branch="false" />
            <line number="198" hits="2" branch="false" />
            <line number="210" hits="0" branch="false" />
            <line number="211" hits="0" branch="false" />
            <line number="223" hits="0" branch="false" />
            <line number="224" hits="0" branch="false" />
            <line number="225" hits="0" branch="false" />
            <line number="237" hits="0" branch="false" />
            <line number="238" hits="0" branch="false" />
            <line number="250" hits="0" branch="false" />
            <line number="251" hits="0" branch="false" />
            <line number="252" hits="0" branch="false" />
            <line number="264" hits="0" branch="false" />
            <line number="265" hits="0" branch="false" />
            <line number="277" hits="0" branch="false" />
            <line number="278" hits="0" branch="false" />
            <line number="279" hits="0" branch="false" />
            <line number="291" hits="2" branch="false" />
            <line number="292" hits="2" branch="false" />
            <line number="304" hits="0" branch="false" />
            <line number="305" hits="0" branch="false" />
            <line number="306" hits="0" branch="false" />
            <line number="318" hits="0" branch="false" />
            <line number="319" hits="0" branch="false" />
            <line number="331" hits="0" branch="false" />
            <line number="332" hits="0" branch="false" />
            <line number="333" hits="0" branch="false" />
            <line number="345" hits="0" branch="false" />
            <line number="346" hits="0" branch="false" />
            <line number="358" hits="0" branch="false" />
            <line number="359" hits="0" branch="false" />
            <line number="360" hits="0" branch="false" />
            <line number="372" hits="0" branch="false" />
            <line number="373" hits="0" branch="false" />
            <line number="385" hits="0" branch="false" />
            <line number="386" hits="0" branch="false" />
            <line number="387" hits="0" branch="false" />
            <line number="399" hits="2" branch="false" />
            <line number="400" hits="2" branch="false" />
            <line number="412" hits="0" branch="false" />
            <line number="413" hits="0" branch="false" />
            <line number="414" hits="0" branch="false" />
            <line number="426" hits="0" branch="false" />
            <line number="427" hits="0" branch="false" />
            <line number="439" hits="0" branch="false" />
            <line number="440" hits="0" branch="false" />
            <line number="441" hits="0" branch="false" />
          </lines>
        </class>
        <class name="dotnet_etcd.EtcdClient" filename="/home/runner/work/dotnet-etcd/dotnet-etcd/dotnet-etcd/clusterClient.cs" line-rate="0" branch-rate="1" complexity="8">
          <methods>
            <method name="MemberAdd" signature="(Etcdserverpb.MemberAddRequest,Grpc.Core.Metadata,System.Nullable`1&lt;System.DateTime&gt;,System.Threading.CancellationToken)" line-rate="0" branch-rate="1" complexity="1">
              <lines>
                <line number="21" hits="0" branch="false" />
                <line number="22" hits="0" branch="false" />
              </lines>
            </method>
            <method name="MemberRemove" signature="(Etcdserverpb.MemberRemoveRequest,Grpc.Core.Metadata,System.Nullable`1&lt;System.DateTime&gt;,System.Threading.CancellationToken)" line-rate="0" branch-rate="1" complexity="1">
              <lines>
                <line number="48" hits="0" branch="false" />
                <line number="49" hits="0" branch="false" />
              </lines>
            </method>
            <method name="MemberUpdate" signature="(Etcdserverpb.MemberUpdateRequest,Grpc.Core.Metadata,System.Nullable`1&lt;System.DateTime&gt;,System.Threading.CancellationToken)" line-rate="0" branch-rate="1" complexity="1">
              <lines>
                <line number="75" hits="0" branch="false" />
                <line number="76" hits="0" branch="false" />
              </lines>
            </method>
            <method name="MemberList" signature="(Etcdserverpb.MemberListRequest,Grpc.Core.Metadata,System.Nullable`1&lt;System.DateTime&gt;,System.Threading.CancellationToken)" line-rate="0" branch-rate="1" complexity="1">
              <lines>
                <line number="102" hits="0" branch="false" />
                <line number="103" hits="0" branch="false" />
              </lines>
            </method>
            <method name="&lt;MemberAddAsync" signature="()" line-rate="0" branch-rate="1" complexity="1">
              <lines>
                <line number="34" hits="0" branch="false" />
                <line number="35" hits="0" branch="false" />
                <line number="36" hits="0" branch="false" />
              </lines>
            </method>
            <method name="&lt;MemberRemoveAsync" signature="()" line-rate="0" branch-rate="1" complexity="1">
              <lines>
                <line number="61" hits="0" branch="false" />
                <line number="62" hits="0" branch="false" />
                <line number="63" hits="0" branch="false" />
              </lines>
            </method>
            <method name="&lt;MemberUpdateAsync" signature="()" line-rate="0" branch-rate="1" complexity="1">
              <lines>
                <line number="88" hits="0" branch="false" />
                <line number="89" hits="0" branch="false" />
                <line number="90" hits="0" branch="false" />
              </lines>
            </method>
            <method name="&lt;MemberListAsync" signature="()" line-rate="0" branch-rate="1" complexity="1">
              <lines>
                <line number="115" hits="0" branch="false" />
                <line number="116" hits="0" branch="false" />
                <line number="117" hits="0" branch="false" />
              </lines>
            </method>
          </methods>
          <lines>
            <line number="21" hits="0" branch="false" />
            <line number="22" hits="0" branch="false" />
            <line number="34" hits="0" branch="false" />
            <line number="35" hits="0" branch="false" />
            <line number="36" hits="0" branch="false" />
            <line number="48" hits="0" branch="false" />
            <line number="49" hits="0" branch="false" />
            <line number="61" hits="0" branch="false" />
            <line number="62" hits="0" branch="false" />
            <line number="63" hits="0" branch="false" />
            <line number="75" hits="0" branch="false" />
            <line number="76" hits="0" branch="false" />
            <line number="88" hits="0" branch="false" />
            <line number="89" hits="0" branch="false" />
            <line number="90" hits="0" branch="false" />
            <line number="102" hits="0" branch="false" />
            <line number="103" hits="0" branch="false" />
            <line number="115" hits="0" branch="false" />
            <line number="116" hits="0" branch="false" />
            <line number="117" hits="0" branch="false" />
          </lines>
        </class>
        <class name="dotnet_etcd.EtcdClient" filename="/home/runner/work/dotnet-etcd/dotnet-etcd/dotnet-etcd/electionClient.cs" line-rate="0.2962962962962963" branch-rate="0.15384615384615385" complexity="52">
          <methods>
            <method name="Campaign" signature="(V3Electionpb.CampaignRequest,Grpc.Core.Metadata,System.Nullable`1&lt;System.DateTime&gt;,System.Threading.CancellationToken)" line-rate="1" branch-rate="0.5" complexity="2">
              <lines>
                <line number="30" hits="2" branch="true" condition-coverage="50% (1/2)" />
                <line number="31" hits="2" branch="false" />
                <line number="32" hits="2" branch="false" />
                <line number="33" hits="2" branch="false" />
                <line number="34" hits="2" branch="false" />
              </lines>
            </method>
            <method name="Campaign" signature="(System.String,System.String,Grpc.Core.Metadata,System.Nullable`1&lt;System.DateTime&gt;,System.Threading.CancellationToken)" line-rate="0" branch-rate="0" complexity="4">
              <lines>
                <line number="54" hits="0" branch="true" condition-coverage="0% (0/4)" />
                <line number="55" hits="0" branch="false" />
                <line number="56" hits="0" branch="false" />
                <line number="57" hits="0" branch="false" />
                <line number="58" hits="0" branch="false" />
                <line number="59" hits="0" branch="false" />
                <line number="60" hits="0" branch="false" />
                <line number="61" hits="0" branch="false" />
                <line number="62" hits="0" branch="false" />
              </lines>
            </method>
            <method name="Proclaim" signature="(V3Electionpb.ProclaimRequest,Grpc.Core.Metadata,System.Nullable`1&lt;System.DateTime&gt;,System.Threading.CancellationToken)" line-rate="1" branch-rate="0.5" complexity="2">
              <lines>
                <line number="127" hits="2" branch="true" condition-coverage="50% (1/2)" />
                <line number="128" hits="2" branch="false" />
                <line number="129" hits="2" branch="false" />
                <line number="130" hits="2" branch="false" />
                <line number="131" hits="2" branch="false" />
              </lines>
            </method>
            <method name="Proclaim" signature="(V3Electionpb.LeaderKey,System.String,Grpc.Core.Metadata,System.Nullable`1&lt;System.DateTime&gt;,System.Threading.CancellationToken)" line-rate="0" branch-rate="0" complexity="4">
              <lines>
                <line number="148" hits="0" branch="true" condition-coverage="0% (0/4)" />
                <line number="149" hits="0" branch="false" />
                <line number="150" hits="0" branch="false" />
                <line number="151" hits="0" branch="false" />
                <line number="152" hits="0" branch="false" />
                <line number="153" hits="0" branch="false" />
                <line number="154" hits="0" branch="false" />
                <line number="155" hits="0" branch="false" />
                <line number="156" hits="0" branch="false" />
              </lines>
            </method>
            <method name="Leader" signature="(V3Electionpb.LeaderRequest,Grpc.Core.Metadata,System.Nullable`1&lt;System.DateTime&gt;,System.Threading.CancellationToken)" line-rate="1" branch-rate="0.5" complexity="2">
              <lines>
                <line number="215" hits="4" branch="true" condition-coverage="50% (1/2)" />
                <line number="216" hits="4" branch="false" />
                <line number="217" hits="4" branch="false" />
                <line number="218" hits="4" branch="false" />
                <line number="219" hits="4" branch="false" />
              </lines>
            </method>
            <method name="Leader" signature="(System.String,Grpc.Core.Metadata,System.Nullable`1&lt;System.DateTime&gt;,System.Threading.CancellationToken)" line-rate="0" branch-rate="0" complexity="2">
              <lines>
                <line number="234" hits="0" branch="true" condition-coverage="0% (0/2)" />
                <line number="235" hits="0" branch="false" />
                <line number="236" hits="0" branch="false" />
                <line number="237" hits="0" branch="false" />
                <line number="238" hits="0" branch="false" />
              </lines>
            </method>
            <method name="Resign" signature="(V3Electionpb.ResignRequest,Grpc.Core.Metadata,System.Nullable`1&lt;System.DateTime&gt;,System.Threading.CancellationToken)" line-rate="1" branch-rate="0.5" complexity="2">
              <lines>
                <line number="351" hits="2" branch="true" condition-coverage="50% (1/2)" />
                <line number="352" hits="2" branch="false" />
                <line number="353" hits="2" branch="false" />
                <line number="354" hits="2" branch="false" />
                <line number="355" hits="2" branch="false" />
              </lines>
            </method>
            <method name="Resign" signature="(V3Electionpb.LeaderKey,Grpc.Core.Metadata,System.Nullable`1&lt;System.DateTime&gt;,System.Threading.CancellationToken)" line-rate="0" branch-rate="0" complexity="2">
              <lines>
                <line number="371" hits="0" branch="true" condition-coverage="0% (0/2)" />
                <line number="372" hits="0" branch="false" />
                <line number="373" hits="0" branch="false" />
                <line number="374" hits="0" branch="false" />
                <line number="375" hits="0" branch="false" />
              </lines>
            </method>
            <method name="Observe" signature="(V3Electionpb.LeaderRequest,Grpc.Core.Metadata,System.Nullable`1&lt;System.DateTime&gt;,System.Threading.CancellationToken)" line-rate="0" branch-rate="0" complexity="2">
              <lines>
                <line number="431" hits="0" branch="true" condition-coverage="0% (0/2)" />
                <line number="432" hits="0" branch="false" />
                <line number="433" hits="0" branch="false" />
                <line number="434" hits="0" branch="false" />
                <line number="435" hits="0" branch="false" />
              </lines>
            </method>
            <method name="Observe" signature="(System.String,Grpc.Core.Metadata,System.Nullable`1&lt;System.DateTime&gt;,System.Threading.CancellationToken)" line-rate="0" branch-rate="0" complexity="2">
              <lines>
                <line number="451" hits="0" branch="true" condition-coverage="0% (0/2)" />
                <line number="452" hits="0" branch="false" />
                <line number="453" hits="0" branch="false" />
                <line number="454" hits="0" branch="false" />
                <line number="455" hits="0" branch="false" />
              </lines>
            </method>
            <method name="&lt;CampaignAsync" signature="()" line-rate="1" branch-rate="0.5" complexity="2">
              <lines>
                <line number="80" hits="2" branch="true" condition-coverage="50% (1/2)" />
                <line number="81" hits="2" branch="false" />
                <line number="82" hits="2" branch="false" />
                <line number="83" hits="2" branch="false" />
                <line number="84" hits="2" branch="false" />
              </lines>
            </method>
            <method name="&lt;CampaignAsync" signature="()" line-rate="0" branch-rate="0" complexity="4">
              <lines>
                <line number="104" hits="0" branch="true" condition-coverage="0% (0/4)" />
                <line number="105" hits="0" branch="false" />
                <line number="106" hits="0" branch="false" />
                <line number="107" hits="0" branch="false" />
                <line number="108" hits="0" branch="false" />
                <line number="109" hits="0" branch="false" />
                <line number="110" hits="0" branch="false" />
                <line number="111" hits="0" branch="false" />
                <line number="112" hits="0" branch="false" />
              </lines>
            </method>
            <method name="&lt;ProclaimAsync" signature="()" line-rate="1" branch-rate="0.5" complexity="2">
              <lines>
                <line number="171" hits="2" branch="true" condition-coverage="50% (1/2)" />
                <line number="172" hits="2" branch="false" />
                <line number="173" hits="2" branch="false" />
                <line number="174" hits="2" branch="false" />
                <line number="175" hits="2" branch="false" />
              </lines>
            </method>
            <method name="&lt;ProclaimAsync" signature="()" line-rate="0" branch-rate="0" complexity="4">
              <lines>
                <line number="192" hits="0" branch="true" condition-coverage="0% (0/4)" />
                <line number="193" hits="0" branch="false" />
                <line number="194" hits="0" branch="false" />
                <line number="195" hits="0" branch="false" />
                <line number="196" hits="0" branch="false" />
                <line number="197" hits="0" branch="false" />
                <line number="198" hits="0" branch="false" />
                <line number="199" hits="0" branch="false" />
                <line number="200" hits="0" branch="false" />
              </lines>
            </method>
            <method name="&lt;LeaderAsync" signature="()" line-rate="1" branch-rate="0.5" complexity="2">
              <lines>
                <line number="253" hits="4" branch="true" condition-coverage="50% (1/2)" />
                <line number="254" hits="4" branch="false" />
                <line number="255" hits="4" branch="false" />
                <line number="256" hits="4" branch="false" />
                <line number="257" hits="4" branch="false" />
              </lines>
            </method>
            <method name="&lt;LeaderAsync" signature="()" line-rate="0" branch-rate="0" complexity="2">
              <lines>
                <line number="272" hits="0" branch="true" condition-coverage="0% (0/2)" />
                <line number="273" hits="0" branch="false" />
                <line number="274" hits="0" branch="false" />
                <line number="275" hits="0" branch="false" />
                <line number="276" hits="0" branch="false" />
              </lines>
            </method>
            <method name="&lt;ResignAsync" signature="()" line-rate="1" branch-rate="0.5" complexity="2">
              <lines>
                <line number="391" hits="2" branch="true" condition-coverage="50% (1/2)" />
                <line number="392" hits="2" branch="false" />
                <line number="393" hits="2" branch="false" />
                <line number="394" hits="2" branch="false" />
                <line number="395" hits="2" branch="false" />
              </lines>
            </method>
            <method name="&lt;ResignAsync" signature="()" line-rate="0" branch-rate="0" complexity="2">
              <lines>
                <line number="411" hits="0" branch="true" condition-coverage="0% (0/2)" />
                <line number="412" hits="0" branch="false" />
                <line number="413" hits="0" branch="false" />
                <line number="414" hits="0" branch="false" />
                <line number="415" hits="0" branch="false" />
              </lines>
            </method>
            <method name="ObserveAsync" signature="()" line-rate="0" branch-rate="0" complexity="4">
              <lines>
                <line number="292" hits="0" branch="false" />
                <line number="293" hits="0" branch="true" condition-coverage="0% (0/2)" />
                <line number="294" hits="0" branch="false" />
                <line number="295" hits="0" branch="false" />
                <line number="296" hits="0" branch="false" />
                <line number="297" hits="0" branch="false" />
                <line number="298" hits="0" branch="false" />
                <line number="299" hits="0" branch="true" condition-coverage="0% (0/2)" />
                <line number="300" hits="0" branch="false" />
                <line number="301" hits="0" branch="false" />
                <line number="302" hits="0" branch="false" />
                <line number="303" hits="0" branch="false" />
                <line number="304" hits="0" branch="false" />
              </lines>
            </method>
            <method name="ObserveAsync" signature="()" line-rate="0" branch-rate="0" complexity="4">
              <lines>
                <line number="320" hits="0" branch="false" />
                <line number="321" hits="0" branch="true" condition-coverage="0% (0/2)" />
                <line number="322" hits="0" branch="false" />
                <line number="323" hits="0" branch="false" />
                <line number="324" hits="0" branch="false" />
                <line number="325" hits="0" branch="false" />
                <line number="326" hits="0" branch="false" />
                <line number="327" hits="0" branch="false" />
                <line number="328" hits="0" branch="false" />
                <line number="329" hits="0" branch="false" />
                <line number="330" hits="0" branch="true" condition-coverage="0% (0/2)" />
                <line number="331" hits="0" branch="false" />
                <line number="332" hits="0" branch="false" />
                <line number="333" hits="0" branch="false" />
                <line number="334" hits="0" branch="false" />
                <line number="335" hits="0" branch="false" />
              </lines>
            </method>
          </methods>
          <lines>
            <line number="30" hits="2" branch="true" condition-coverage="50% (1/2)" />
            <line number="31" hits="2" branch="false" />
            <line number="32" hits="2" branch="false" />
            <line number="33" hits="2" branch="false" />
            <line number="34" hits="2" branch="false" />
            <line number="54" hits="0" branch="true" condition-coverage="0% (0/4)" />
            <line number="55" hits="0" branch="false" />
            <line number="56" hits="0" branch="false" />
            <line number="57" hits="0" branch="false" />
            <line number="58" hits="0" branch="false" />
            <line number="59" hits="0" branch="false" />
            <line number="60" hits="0" branch="false" />
            <line number="61" hits="0" branch="false" />
            <line number="62" hits="0" branch="false" />
            <line number="80" hits="2" branch="true" condition-coverage="50% (1/2)" />
            <line number="81" hits="2" branch="false" />
            <line number="82" hits="2" branch="false" />
            <line number="83" hits="2" branch="false" />
            <line number="84" hits="2" branch="false" />
            <line number="104" hits="0" branch="true" condition-coverage="0% (0/4)" />
            <line number="105" hits="0" branch="false" />
            <line number="106" hits="0" branch="false" />
            <line number="107" hits="0" branch="false" />
            <line number="108" hits="0" branch="false" />
            <line number="109" hits="0" branch="false" />
            <line number="110" hits="0" branch="false" />
            <line number="111" hits="0" branch="false" />
            <line number="112" hits="0" branch="false" />
            <line number="127" hits="2" branch="true" condition-coverage="50% (1/2)" />
            <line number="128" hits="2" branch="false" />
            <line number="129" hits="2" branch="false" />
            <line number="130" hits="2" branch="false" />
            <line number="131" hits="2" branch="false" />
            <line number="148" hits="0" branch="true" condition-coverage="0% (0/4)" />
            <line number="149" hits="0" branch="false" />
            <line number="150" hits="0" branch="false" />
            <line number="151" hits="0" branch="false" />
            <line number="152" hits="0" branch="false" />
            <line number="153" hits="0" branch="false" />
            <line number="154" hits="0" branch="false" />
            <line number="155" hits="0" branch="false" />
            <line number="156" hits="0" branch="false" />
[...]
            <line number="159" hits="0" branch="false" />
            <line number="160" hits="0" branch="false" />
            <line number="161" hits="0" branch="false" />
            <line number="162" hits="0" branch="false" />
            <line number="163" hits="0" branch="false" />
            <line number="164" hits="0" branch="false" />
            <line number="177" hits="0" branch="false" />
            <line number="178" hits="0" branch="false" />
            <line number="181" hits="0" branch="false" />
            <line number="182" hits="0" branch="false" />
            <line number="183" hits="0" branch="false" />
            <line number="184" hits="0" branch="false" />
            <line number="185" hits="0" branch="false" />
            <line number="186" hits="0" branch="false" />
            <line number="187" hits="0" branch="false" />
            <line number="188" hits="0" branch="false" />
            <line number="189" hits="0" branch="false" />
            <line number="190" hits="0" branch="false" />
            <line number="193" hits="0" branch="false" />
            <line number="194" hits="0" branch="false" />
            <line number="195" hits="0" branch="true" condition-coverage="0% (0/2)" />
            <line number="196" hits="0" branch="false" />
            <line number="197" hits="0" branch="false" />
            <line number="198" hits="0" branch="false" />
            <line number="199" hits="0" branch="false" />
            <line number="200" hits="0" branch="true" condition-coverage="0% (0/2)" />
            <line number="201" hits="0" branch="false" />
            <line number="202" hits="0" branch="false" />
            <line number="203" hits="0" branch="false" />
            <line number="204" hits="0" branch="false" />
            <line number="205" hits="0" branch="false" />
            <line number="206" hits="0" branch="false" />
            <line number="207" hits="0" branch="false" />
            <line number="208" hits="0" branch="false" />
            <line number="211" hits="0" branch="false" />
            <line number="212" hits="0" branch="false" />
            <line number="226" hits="0" branch="false" />
            <line number="227" hits="0" branch="false" />
            <line number="230" hits="0" branch="false" />
            <line number="231" hits="0" branch="false" />
            <line number="232" hits="0" branch="false" />
            <line number="233" hits="0" branch="false" />
            <line number="234" hits="0" branch="false" />
            <line number="235" hits="0" branch="false" />
            <line number="236" hits="0" branch="false" />
            <line number="237" hits="0" branch="false" />
            <line number="238" hits="0" branch="false" />
            <line number="239" hits="0" branch="false" />
            <line number="242" hits="0" branch="false" />
            <line number="243" hits="0" branch="false" />
            <line number="244" hits="0" branch="true" condition-coverage="0% (0/2)" />
            <line number="245" hits="0" branch="false" />
            <line number="246" hits="0" branch="false" />
            <line number="247" hits="0" branch="false" />
            <line number="248" hits="0" branch="false" />
            <line number="249" hits="0" branch="true" condition-coverage="0% (0/2)" />
            <line number="250" hits="0" branch="false" />
            <line number="251" hits="0" branch="false" />
            <line number="252" hits="0" branch="false" />
            <line number="253" hits="0" branch="false" />
            <line number="254" hits="0" branch="false" />
            <line number="255" hits="0" branch="false" />
            <line number="256" hits="0" branch="false" />
            <line number="257" hits="0" branch="false" />
            <line number="260" hits="0" branch="false" />
            <line number="261" hits="0" branch="false" />
            <line number="275" hits="0" branch="false" />
            <line number="276" hits="0" branch="false" />
            <line number="279" hits="0" branch="false" />
            <line number="280" hits="0" branch="false" />
            <line number="281" hits="0" branch="false" />
            <line number="282" hits="0" branch="false" />
            <line number="283" hits="0" branch="false" />
            <line number="284" hits="0" branch="false" />
            <line number="285" hits="0" branch="false" />
            <line number="286" hits="0" branch="false" />
            <line number="287" hits="0" branch="false" />
            <line number="288" hits="0" branch="false" />
            <line number="289" hits="0" branch="false" />
            <line number="292" hits="0" branch="false" />
            <line number="293" hits="0" branch="false" />
            <line number="294" hits="0" branch="true" condition-coverage="0% (0/2)" />
            <line number="295" hits="0" branch="false" />
            <line number="296" hits="0" branch="false" />
            <line number="297" hits="0" branch="false" />
            <line number="298" hits="0" branch="false" />
            <line number="299" hits="0" branch="true" condition-coverage="0% (0/2)" />
            <line number="300" hits="0" branch="false" />
            <line number="301" hits="0" branch="false" />
            <line number="302" hits="0" branch="false" />
            <line number="303" hits="0" branch="false" />
            <line number="304" hits="0" branch="false" />
            <line number="305" hits="0" branch="false" />
            <line number="306" hits="0" branch="false" />
            <line number="307" hits="0" branch="false" />
            <line number="310" hits="0" branch="false" />
            <line number="311" hits="0" branch="false" />
            <line number="324" hits="0" branch="false" />
            <line number="325" hits="0" branch="false" />
            <line number="328" hits="0" branch="false" />
            <line number="329" hits="0" branch="false" />
            <line number="330" hits="0" branch="false" />
            <line number="331" hits="0" branch="false" />
            <line number="332" hits="0" branch="false" />
            <line number="333" hits="0" branch="false" />
            <line number="334" hits="0" branch="false" />
            <line number="337" hits="0" branch="false" />
            <line number="338" hits="0" branch="false" />
            <line number="339" hits="0" branch="true" condition-coverage="0% (0/2)" />
            <line number="340" hits="0" branch="false" />
            <line number="341" hits="0" branch="false" />
            <line number="342" hits="0" branch="false" />
            <line number="343" hits="0" branch="false" />
            <line number="344" hits="0" branch="true" condition-coverage="0% (0/2)" />
            <line number="345" hits="0" branch="false" />
            <line number="346" hits="0" branch="false" />
            <line number="347" hits="0" branch="false" />
            <line number="348" hits="0" branch="false" />
            <line number="349" hits="0" branch="false" />
            <line number="350" hits="0" branch="false" />
            <line number="351" hits="0" branch="false" />
            <line number="352" hits="0" branch="false" />
            <line number="355" hits="0" branch="false" />
            <line number="356" hits="0" branch="false" />
            <line number="369" hits="0" branch="false" />
            <line number="370" hits="0" branch="false" />
            <line number="373" hits="0" branch="false" />
            <line number="374" hits="0" branch="false" />
            <line number="375" hits="0" branch="false" />
            <line number="376" hits="0" branch="false" />
            <line number="377" hits="0" branch="false" />
            <line number="378" hits="0" branch="false" />
            <line number="379" hits="0" branch="false" />
            <line number="380" hits="0" branch="false" />
            <line number="381" hits="0" branch="false" />
            <line number="382" hits="0" branch="false" />
            <line number="385" hits="0" branch="false" />
            <line number="386" hits="0" branch="false" />
            <line number="387" hits="0" branch="true" condition-coverage="0% (0/2)" />
            <line number="388" hits="0" branch="false" />
            <line number="389" hits="0" branch="false" />
            <line number="390" hits="0" branch="false" />
            <line number="391" hits="0" branch="false" />
            <line number="392" hits="0" branch="true" condition-coverage="0% (0/2)" />
            <line number="393" hits="0" branch="false" />
            <line number="394" hits="0" branch="false" />
            <line number="395" hits="0" branch="false" />
            <line number="396" hits="0" branch="false" />
            <line number="397" hits="0" branch="false" />
            <line number="398" hits="0" branch="false" />
            <line number="399" hits="0" branch="false" />
            <line number="400" hits="0" branch="false" />
            <line number="403" hits="0" branch="false" />
            <line number="404" hits="0" branch="false" />
            <line number="418" hits="0" branch="false" />
            <line number="419" hits="0" branch="false" />
            <line number="422" hits="0" branch="false" />
            <line number="423" hits="0" branch="false" />
            <line number="424" hits="0" branch="false" />
            <line number="425" hits="0" branch="false" />
            <line number="426" hits="0" branch="false" />
            <line number="427" hits="0" branch="false" />
            <line number="428" hits="0" branch="false" />
            <line number="429" hits="0" branch="false" />
            <line number="430" hits="0" branch="false" />
            <line number="431" hits="0" branch="false" />
            <line number="434" hits="0" branch="false" />
            <line number="435" hits="0" branch="false" />
            <line number="436" hits="0" branch="true" condition-coverage="0% (0/2)" />
            <line number="437" hits="0" branch="false" />
            <line number="438" hits="0" branch="false" />
            <line number="439" hits="0" branch="false" />
            <line number="440" hits="0" branch="false" />
            <line number="441" hits="0" branch="true" condition-coverage="0% (0/2)" />
            <line number="442" hits="0" branch="false" />
            <line number="443" hits="0" branch="false" />
            <line number="444" hits="0" branch="false" />
            <line number="445" hits="0" branch="false" />
            <line number="446" hits="0" branch="false" />
            <line number="447" hits="0" branch="false" />
            <line number="448" hits="0" branch="false" />
            <line number="449" hits="0" branch="false" />
            <line number="452" hits="0" branch="false" />
            <line number="453" hits="0" branch="false" />
            <line number="467" hits="0" branch="false" />
            <line number="468" hits="0" branch="false" />
            <line number="471" hits="0" branch="false" />
            <line number="472" hits="0" branch="false" />
            <line number="473" hits="0" branch="false" />
            <line number="474" hits="0" branch="false" />
            <line number="475" hits="0" branch="false" />
            <line number="476" hits="0" branch="false" />
            <line number="477" hits="0" branch="false" />
            <line number="478" hits="0" branch="false" />
            <line number="479" hits="0" branch="false" />
            <line number="480" hits="0" branch="false" />
            <line number="481" hits="0" branch="false" />
            <line number="484" hits="0" branch="false" />
            <line number="485" hits="0" branch="false" />
            <line number="486" hits="0" branch="true" condition-coverage="0% (0/2)" />
            <line number="487" hits="0" branch="false" />
            <line number="488" hits="0" branch="false" />
            <line number="489" hits="0" branch="false" />
            <line number="490" hits="0" branch="false" />
            <line number="491" hits="0" branch="true" condition-coverage="0% (0/2)" />
            <line number="492" hits="0" branch="false" />
            <line number="493" hits="0" branch="false" />
            <line number="494" hits="0" branch="false" />
            <line number="495" hits="0" branch="false" />
            <line number="496" hits="0" branch="false" />
            <line number="497" hits="0" branch="false" />
            <line number="498" hits="0" branch="false" />
            <line number="499" hits="0" branch="false" />
            <line number="502" hits="0" branch="false" />
            <line number="503" hits="0" branch="false" />
            <line number="516" hits="0" branch="false" />
            <line number="517" hits="0" branch="false" />
            <line number="520" hits="0" branch="false" />
            <line number="521" hits="0" branch="false" />
            <line number="522" hits="0" branch="false" />
            <line number="523" hits="0" branch="false" />
            <line number="524" hits="0" branch="false" />
            <line number="525" hits="0" branch="false" />
            <line number="526" hits="0" branch="false" />
            <line number="527" hits="0" branch="false" />
            <line number="528" hits="0" branch="false" />
            <line number="529" hits="0" branch="false" />
            <line number="532" hits="0" branch="false" />
            <line number="533" hits="0" branch="false" />
            <line number="540" hits="0" branch="false" />
            <line number="541" hits="0" branch="false" />
            <line number="543" hits="0" branch="true" condition-coverage="0% (0/2)" />
            <line number="544" hits="0" branch="false" />
            <line number="545" hits="0" branch="false" />
            <line number="549" hits="0" branch="false" />
            <line number="552" hits="0" branch="false" />
            <line number="555" hits="0" branch="true" condition-coverage="0% (0/4)" />
            <line number="556" hits="0" branch="false" />
            <line number="557" hits="0" branch="false" />
            <line number="558" hits="0" branch="false" />
            <line number="559" hits="0" branch="false" />
            <line number="560" hits="0" branch="false" />
            <line number="561" hits="0" branch="false" />
            <line number="562" hits="0" branch="false" />
            <line number="565" hits="0" branch="false" />
            <line number="566" hits="0" branch="false" />
            <line number="572" hits="1" branch="false" />
            <line number="573" hits="1" branch="true" condition-coverage="50% (1/2)" />
            <line number="574" hits="0" branch="false" />
            <line number="575" hits="0" branch="false" />
            <line number="578" hits="1" branch="false" />
            <line number="581" hits="3" branch="true" condition-coverage="50% (1/2)" />
            <line number="582" hits="0" branch="false" />
            <line number="583" hits="0" branch="false" />
            <line number="584" hits="0" branch="false" />
            <line number="585" hits="0" branch="false" />
            <line number="587" hits="1" branch="false" />
            <line number="590" hits="1" branch="true" condition-coverage="50% (1/2)" />
            <line number="591" hits="0" branch="false" />
            <line number="592" hits="0" branch="false" />
            <line number="593" hits="0" branch="false" />
            <line number="594" hits="0" branch="false" />
            <line number="596" hits="1" branch="false" />
            <line number="597" hits="1" branch="false" />
            <line number="600" hits="0" branch="false" />
            <line number="603" hits="0" branch="false" />
            <line number="604" hits="0" branch="true" condition-coverage="0% (0/2)" />
            <line number="605" hits="0" branch="false" />
            <line number="606" hits="0" branch="true" condition-coverage="0% (0/2)" />
            <line number="607" hits="0" branch="false" />
            <line number="608" hits="0" branch="false" />
            <line number="611" hits="0" branch="false" />
            <line number="612" hits="0" branch="false" />
            <line number="615" hits="0" branch="false" />
            <line number="616" hits="0" branch="false" />
            <line number="624" hits="0" branch="false" />
            <line number="625" hits="0" branch="true" condition-coverage="0% (0/2)" />
            <line number="626" hits="0" branch="false" />
            <line number="627" hits="0" branch="true" condition-coverage="0% (0/2)" />
            <line number="628" hits="0" branch="false" />
            <line number="629" hits="0" branch="false" />
            <line number="631" hits="0" branch="false" />
            <line number="633" hits="0" branch="false" />
            <line number="634" hits="0" branch="false" />
            <line number="638" hits="0" branch="false" />
            <line number="639" hits="0" branch="false" />
            <line number="640" hits="0" branch="false" />
            <line number="641" hits="0" branch="true" condition-coverage="0% (0/2)" />
            <line number="642" hits="0" branch="false" />
            <line number="643" hits="0" branch="false" />
            <line number="647" hits="0" branch="false" />
            <line number="648" hits="0" branch="false" />
            <line number="649" hits="0" branch="false" />
            <line number="650" hits="0" branch="false" />
            <line number="651" hits="0" branch="false" />
            <line number="654" hits="0" branch="false" />
            <line number="655" hits="0" branch="false" />
            <line number="656" hits="0" branch="false" />
            <line number="657" hits="0" branch="false" />
            <line number="658" hits="0" branch="false" />
            <line number="659" hits="0" branch="false" />
            <line number="662" hits="0" branch="false" />
            <line number="663" hits="0" branch="false" />
            <line number="664" hits="0" branch="false" />
            <line number="665" hits="0" branch="false" />
            <line number="666" hits="0" branch="false" />
            <line number="667" hits="0" branch="false" />
            <line number="668" hits="0" branch="false" />
            <line number="669" hits="0" branch="false" />
            <line number="670" hits="0" branch="false" />
            <line number="671" hits="0" branch="false" />
            <line number="672" hits="0" branch="false" />
            <line number="673" hits="0" branch="false" />
            <line number="674" hits="0" branch="false" />
            <line number="675" hits="0" branch="false" />
            <line number="676" hits="0" branch="false" />
            <line number="677" hits="0" branch="false" />
            <line number="678" hits="0" branch="false" />
            <line number="679" hits="0" branch="false" />
            <line number="680" hits="0" branch="false" />
            <line number="681" hits="0" branch="false" />
            <line number="682" hits="0" branch="false" />
            <line number="683" hits="0" branch="false" />
            <line number="684" hits="0" branch="false" />
            <line number="685" hits="0" branch="false" />
            <line number="686" hits="0" branch="false" />
            <line number="687" hits="0" branch="false" />
            <line number="691" hits="0" branch="false" />
            <line number="692" hits="0" branch="false" />
            <line number="693" hits="0" branch="false" />
            <line number="694" hits="0" branch="false" />
          </lines>
        </class>
      </classes>
    </package>
  </packages>
</coverage>