<?xml version="1.0" encoding="utf-8"?>
<!DOCTYPE coverage SYSTEM "http://cobertura.sourceforge.net/xml/coverage-04.dtd">
<coverage line-rate="0.21839762611275965" branch-rate="0.2206896551724138" lines-covered="368" lines-valid="1685" branches-covered="64" branches-valid="290" complexity="443" version="0" timestamp="1746877421">
  <sources>
    <source>/home/runner/work/dotnet-etcd/dotnet-etcd/dotnet-etcd/</source>
  </sources>
  <packages>
    <package name="dotnet-etcd" line-rate="0.21839762611275965" branch-rate="0.2206896551724138" complexity="443">
      <classes>
        <class name="dotnet_etcd.AsyncDuplexStreamingCallAdapter`2" filename="/home/runner/work/dotnet-etcd/dotnet-etcd/dotnet-etcd/AsyncDuplexStreamingCallAdapter.cs" line-rate="0" branch-rate="0" complexity="8">
          <methods>
            <method name="get_RequestStream" signature="()" line-rate="0" branch-rate="1" complexity="1">
              <lines>
                <line number="29" hits="0" branch="false" />
              </lines>
            </method>
            <method name="get_ResponseStream" signature="()" line-rate="0" branch-rate="1" complexity="1">
              <lines>
                <line number="32" hits="0" branch="false" />
              </lines>
            </method>
            <method name="GetHeadersAsync" signature="()" line-rate="0" branch-rate="1" complexity="1">
              <lines>
                <line number="35" hits="0" branch="false" />
              </lines>
            </method>
            <method name="GetStatus" signature="()" line-rate="0" branch-rate="1" complexity="1">
              <lines>
                <line number="38" hits="0" branch="false" />
              </lines>
            </method>
            <method name="GetTrailers" signature="()" line-rate="0" branch-rate="1" complexity="1">
              <lines>
                <line number="41" hits="0" branch="false" />
              </lines>
            </method>
            <method name="Dispose" signature="()" line-rate="0" branch-rate="1" complexity="1">
              <lines>
                <line number="45" hits="0" branch="false" />
                <line number="46" hits="0" branch="false" />
                <line number="47" hits="0" branch="false" />
                <line number="48" hits="0" branch="false" />
              </lines>
            </method>
            <method name=".ctor" signature="(Grpc.Core.AsyncDuplexStreamingCall`2&lt;TRequest,TResponse&gt;)" line-rate="0" branch-rate="0" complexity="2">
              <lines>
                <line number="25" hits="0" branch="false" />
                <line number="26" hits="0" branch="true" condition-coverage="0% (0/2)" />
              </lines>
            </method>
          </methods>
          <lines>
            <line number="25" hits="0" branch="false" />
            <line number="26" hits="0" branch="true" condition-coverage="0% (0/2)" />
            <line number="29" hits="0" branch="false" />
            <line number="32" hits="0" branch="false" />
            <line number="35" hits="0" branch="false" />
            <line number="38" hits="0" branch="false" />
            <line number="41" hits="0" branch="false" />
            <line number="45" hits="0" branch="false" />
            <line number="46" hits="0" branch="false" />
            <line number="47" hits="0" branch="false" />
            <line number="48" hits="0" branch="false" />
          </lines>
        </class>
        <class name="dotnet_etcd.AsyncStreamCallFactory`2" filename="/home/runner/work/dotnet-etcd/dotnet-etcd/dotnet-etcd/AsyncStreamCallFactory.cs" line-rate="0.42857142857142855" branch-rate="0.5" complexity="3">
          <methods>
            <method name="CreateDuplexStreamingCall" signature="(Grpc.Core.Metadata,System.Nullable`1&lt;System.DateTime&gt;,System.Threading.CancellationToken)" line-rate="0" branch-rate="1" complexity="1">
              <lines>
                <line number="35" hits="0" branch="false" />
                <line number="36" hits="0" branch="false" />
                <line number="37" hits="0" branch="false" />
                <line number="38" hits="0" branch="false" />
              </lines>
            </method>
            <method name=".ctor" signature="(System.Func`4&lt;Grpc.Core.Metadata,System.Nullable`1&lt;System.DateTime&gt;,System.Threading.CancellationToken,Grpc.Core.AsyncDuplexStreamingCall`2&lt;TRequest,TResponse&gt;&gt;)" line-rate="1" branch-rate="0.5" complexity="2">
              <lines>
                <line number="26" hits="60" branch="false" />
                <line number="27" hits="60" branch="false" />
                <line number="28" hits="60" branch="true" condition-coverage="50% (1/2)" />
              </lines>
            </method>
          </methods>
          <lines>
            <line number="26" hits="60" branch="false" />
            <line number="27" hits="60" branch="false" />
            <line number="28" hits="60" branch="true" condition-coverage="50% (1/2)" />
            <line number="35" hits="0" branch="false" />
            <line number="36" hits="0" branch="false" />
            <line number="37" hits="0" branch="false" />
            <line number="38" hits="0" branch="false" />
          </lines>
        </class>
        <class name="dotnet_etcd.DependencyInjection.EtcdClientOptions" filename="/home/runner/work/dotnet-etcd/dotnet-etcd/dotnet-etcd/DependencyInjection/EtcdClientOptions.cs" line-rate="0.8" branch-rate="0.6666666666666666" complexity="14">
          <methods>
            <method name="get_ConnectionString" signature="()" line-rate="1" branch-rate="1" complexity="1">
              <lines>
                <line number="19" hits="38" branch="false" />
              </lines>
            </method>
            <method name="get_Port" signature="()" line-rate="1" branch-rate="1" complexity="1">
              <lines>
                <line number="24" hits="40" branch="false" />
              </lines>
            </method>
            <method name="get_ServerName" signature="()" line-rate="1" branch-rate="1" complexity="1">
              <lines>
                <line number="29" hits="22" branch="false" />
              </lines>
            </method>
            <method name="get_ConfigureChannel" signature="()" line-rate="1" branch-rate="1" complexity="1">
              <lines>
                <line number="34" hits="4" branch="false" />
              </lines>
            </method>
            <method name="get_Interceptors" signature="()" line-rate="1" branch-rate="1" complexity="1">
              <lines>
                <line number="39" hits="4" branch="false" />
              </lines>
            </method>
            <method name="get_UseInsecureChannel" signature="()" line-rate="1" branch-rate="1" complexity="1">
              <lines>
                <line number="45" hits="5" branch="false" />
              </lines>
            </method>
            <method name="get_CallCredentials" signature="()" line-rate="1" branch-rate="1" complexity="1">
              <lines>
                <line number="50" hits="1" branch="false" />
              </lines>
            </method>
            <method name="get_EnableRetryPolicy" signature="()" line-rate="1" branch-rate="1" complexity="1">
              <lines>
                <line number="55" hits="12" branch="false" />
              </lines>
            </method>
            <method name="ApplyTo" signature="(Grpc.Net.Client.GrpcChannelOptions)" line-rate="0.6666666666666666" branch-rate="0.6666666666666666" complexity="6">
              <lines>
                <line number="62" hits="3" branch="false" />
                <line number="63" hits="3" branch="true" condition-coverage="100% (2/2)" />
                <line number="64" hits="2" branch="false" />
                <line number="65" hits="2" branch="false" />
                <line number="66" hits="2" branch="false" />
                <line number="67" hits="1" branch="true" condition-coverage="50% (1/2)" />
                <line number="68" hits="0" branch="false" />
                <line number="69" hits="0" branch="false" />
                <line number="70" hits="0" branch="false" />
                <line number="71" hits="0" branch="false" />
                <line number="74" hits="3" branch="true" condition-coverage="50% (1/2)" />
                <line number="75" hits="3" branch="false" />
              </lines>
            </method>
          </methods>
          <lines>
            <line number="19" hits="38" branch="false" />
            <line number="24" hits="40" branch="false" />
            <line number="29" hits="22" branch="false" />
            <line number="34" hits="4" branch="false" />
            <line number="39" hits="4" branch="false" />
            <line number="45" hits="5" branch="false" />
            <line number="50" hits="1" branch="false" />
            <line number="55" hits="12" branch="false" />
            <line number="62" hits="3" branch="false" />
            <line number="63" hits="3" branch="true" condition-coverage="100% (2/2)" />
            <line number="64" hits="2" branch="false" />
            <line number="65" hits="2" branch="false" />
            <line number="66" hits="2" branch="false" />
            <line number="67" hits="1" branch="true" condition-coverage="50% (1/2)" />
            <line number="68" hits="0" branch="false" />
            <line number="69" hits="0" branch="false" />
            <line number="70" hits="0" branch="false" />
            <line number="71" hits="0" branch="false" />
            <line number="74" hits="3" branch="true" condition-coverage="50% (1/2)" />
            <line number="75" hits="3" branch="false" />
          </lines>
        </class>
        <class name="dotnet_etcd.DependencyInjection.EtcdClientOptionsValidator" filename="/home/runner/work/dotnet-etcd/dotnet-etcd/dotnet-etcd/DependencyInjection/EtcdClientOptionsValidator.cs" line-rate="1" branch-rate="1" complexity="12">
          <methods>
            <method name="ValidateOptions" signature="(dotnet_etcd.DependencyInjection.EtcdClientOptions)" line-rate="1" branch-rate="1" complexity="12">
              <lines>
                <line number="20" hits="15" branch="false" />
                <line number="21" hits="15" branch="false" />
                <line number="23" hits="14" branch="true" condition-coverage="100% (2/2)" />
                <line number="24" hits="2" branch="false" />
                <line number="25" hits="2" branch="false" />
                <line number="29" hits="12" branch="true" condition-coverage="100% (6/6)" />
                <line number="30" hits="3" branch="false" />
                <line number="31" hits="3" branch="false" />
                <line number="35" hits="9" branch="true" condition-coverage="100% (4/4)" />
                <line number="36" hits="9" branch="false" />
                <line number="37" hits="2" branch="false" />
                <line number="38" hits="2" branch="false" />
                <line number="39" hits="2" branch="false" />
                <line number="41" hits="7" branch="false" />
              </lines>
            </method>
          </methods>
          <lines>
            <line number="20" hits="15" branch="false" />
            <line number="21" hits="15" branch="false" />
            <line number="23" hits="14" branch="true" condition-coverage="100% (2/2)" />
            <line number="24" hits="2" branch="false" />
            <line number="25" hits="2" branch="false" />
            <line number="29" hits="12" branch="true" condition-coverage="100% (6/6)" />
            <line number="30" hits="3" branch="false" />
            <line number="31" hits="3" branch="false" />
            <line number="35" hits="9" branch="true" condition-coverage="100% (4/4)" />
            <line number="36" hits="9" branch="false" />
            <line number="37" hits="2" branch="false" />
            <line number="38" hits="2" branch="false" />
            <line number="39" hits="2" branch="false" />
            <line number="41" hits="7" branch="false" />
          </lines>
        </class>
        <class name="dotnet_etcd.DependencyInjection.ServiceCollectionExtensions" filename="/home/runner/work/dotnet-etcd/dotnet-etcd/dotnet-etcd/DependencyInjection/ServiceCollectionExtensions.cs" line-rate="0.8" branch-rate="0.3" complexity="11">
          <methods>
            <method name="AddEtcdClient" signature="(Microsoft.Extensions.DependencyInjection.IServiceCollection,System.String,System.Int32,System.String,System.Action`1&lt;Grpc.Net.Client.GrpcChannelOptions&gt;,Grpc.Core.Interceptors.Interceptor[])" line-rate="0.875" branch-rate="0.5" complexity="2">
              <lines>
                <line number="35" hits="2" branch="false" />
                <line number="36" hits="2" branch="false" />
                <line number="38" hits="1" branch="true" condition-coverage="50% (1/2)" />
                <line number="39" hits="0" branch="false" />
                <line number="40" hits="0" branch="false" />
                <line number="43" hits="1" branch="false" />
                <line number="44" hits="1" branch="false" />
                <line number="45" hits="1" branch="false" />
                <line number="46" hits="1" branch="false" />
                <line number="47" hits="1" branch="false" />
                <line number="48" hits="1" branch="false" />
                <line number="49" hits="1" branch="false" />
                <line number="50" hits="1" branch="false" />
                <line number="53" hits="1" branch="false" />
                <line number="55" hits="1" branch="false" />
                <line number="56" hits="1" branch="false" />
              </lines>
            </method>
            <method name="AddEtcdClient" signature="(Microsoft.Extensions.DependencyInjection.IServiceCollection,System.Action`1&lt;dotnet_etcd.DependencyInjection.EtcdClientOptions&gt;)" line-rate="1" branch-rate="1" complexity="1">
              <lines>
                <line number="67" hits="2" branch="false" />
                <line number="68" hits="2" branch="false" />
                <line number="69" hits="2" branch="false" />
                <line number="71" hits="1" branch="false" />
                <line number="72" hits="1" branch="false" />
                <line number="75" hits="1" branch="false" />
                <line number="77" hits="1" branch="false" />
                <line number="78" hits="1" branch="false" />
              </lines>
            </method>
            <method name="AddEtcdClient" signature="(Microsoft.Extensions.DependencyInjection.IServiceCollection,dotnet_etcd.DependencyInjection.EtcdClientOptions)" line-rate="0.8333333333333334" branch-rate="0" complexity="2">
              <lines>
                <line number="89" hits="3" branch="false" />
                <line number="90" hits="3" branch="false" />
                <line number="93" hits="3" branch="false" />
                <line number="96" hits="3" branch="false" />
                <line number="99" hits="3" branch="false" />
                <line number="100" hits="6" branch="false" />
                <line number="101" hits="6" branch="false" />
                <line number="102" hits="6" branch="false" />
                <line number="103" hits="6" branch="false" />
                <line number="104" hits="6" branch="false" />
                <line number="105" hits="6" branch="false" />
                <line number="108" hits="3" branch="false" />
                <line number="109" hits="0" branch="false" />
                <line number="110" hits="0" branch="false" />
                <line number="111" hits="0" branch="true" condition-coverage="0% (0/2)" />
                <line number="112" hits="3" branch="false" />
                <line number="114" hits="3" branch="false" />
                <line number="115" hits="3" branch="false" />
              </lines>
            </method>
            <method name="AddEtcdClient" signature="(Microsoft.Extensions.DependencyInjection.IServiceCollection,System.Func`2&lt;System.IServiceProvider,dotnet_etcd.interfaces.IConnection&gt;,System.Func`2&lt;System.IServiceProvider,dotnet_etcd.interfaces.IWatchManager&gt;)" line-rate="0.6785714285714286" branch-rate="0.3333333333333333" complexity="6">
              <lines>
                <line number="129" hits="1" branch="false" />
                <line number="130" hits="1" branch="false" />
                <line number="131" hits="1" branch="false" />
                <line number="134" hits="1" branch="false" />
                <line number="135" hits="1" branch="false" />
                <line number="136" hits="1" branch="false" />
                <line number="137" hits="1" branch="false" />
                <line number="138" hits="1" branch="true" condition-coverage="50% (1/2)" />
                <line number="139" hits="0" branch="false" />
                <line number="140" hits="0" branch="false" />
                <line number="141" hits="1" branch="false" />
                <line number="142" hits="1" branch="false" />
                <line number="143" hits="1" branch="false" />
                <line number="144" hits="1" branch="false" />
                <line number="145" hits="2" branch="false" />
                <line number="148" hits="1" branch="true" condition-coverage="50% (1/2)" />
                <line number="149" hits="1" branch="false" />
                <line number="150" hits="1" branch="false" />
                <line number="151" hits="1" branch="false" />
                <line number="153" hits="0" branch="false" />
                <line number="155" hits="0" branch="false" />
                <line number="156" hits="0" branch="false" />
                <line number="157" hits="0" branch="false" />
                <line number="158" hits="0" branch="true" condition-coverage="0% (0/2)" />
                <line number="159" hits="0" branch="false" />
                <line number="160" hits="0" branch="false" />
                <line number="162" hits="1" branch="false" />
                <line number="163" hits="1" branch="false" />
              </lines>
            </method>
          </methods>
          <lines>
            <line number="35" hits="2" branch="false" />
            <line number="36" hits="2" branch="false" />
            <line number="38" hits="1" branch="true" condition-coverage="50% (1/2)" />
            <line number="39" hits="0" branch="false" />
            <line number="40" hits="0" branch="false" />
            <line number="43" hits="1" branch="false" />
            <line number="44" hits="1" branch="false" />
            <line number="45" hits="1" branch="false" />
            <line number="46" hits="1" branch="false" />
            <line number="47" hits="1" branch="false" />
            <line number="48" hits="1" branch="false" />
            <line number="49" hits="1" branch="false" />
            <line number="50" hits="1" branch="false" />
            <line number="53" hits="1" branch="false" />
            <line number="55" hits="1" branch="false" />
            <line number="56" hits="1" branch="false" />
            <line number="67" hits="2" branch="false" />
            <line number="68" hits="2" branch="false" />
            <line number="69" hits="2" branch="false" />
            <line number="71" hits="1" branch="false" />
            <line number="72" hits="1" branch="false" />
            <line number="75" hits="1" branch="false" />
            <line number="77" hits="1" branch="false" />
            <line number="78" hits="1" branch="false" />
            <line number="89" hits="3" branch="false" />
            <line number="90" hits="3" branch="false" />
            <line number="93" hits="3" branch="false" />
            <line number="96" hits="3" branch="false" />
            <line number="99" hits="3" branch="false" />
            <line number="100" hits="6" branch="false" />
            <line number="101" hits="6" branch="false" />
            <line number="102" hits="6" branch="false" />
            <line number="103" hits="6" branch="false" />
            <line number="104" hits="6" branch="false" />
            <line number="105" hits="6" branch="false" />
            <line number="108" hits="3" branch="false" />
            <line number="109" hits="0" branch="false" />
            <line number="110" hits="0" branch="false" />
            <line number="111" hits="0" branch="true" condition-coverage="0% (0/2)" />
            <line number="112" hits="3" branch="false" />
            <line number="114" hits="3" branch="false" />
            <line number="115" hits="3" branch="false" />
            <line number="129" hits="1" branch="false" />
            <line number="130" hits="1" branch="false" />
            <line number="131" hits="1" branch="false" />
            <line number="134" hits="1" branch="false" />
            <line number="135" hits="1" branch="false" />
            <line number="136" hits="1" branch="false" />
            <line number="137" hits="1" branch="false" />
            <line number="138" hits="1" branch="true" condition-coverage="50% (1/2)" />
            <line number="139" hits="0" branch="false" />
            <line number="140" hits="0" branch="false" />
            <line number="141" hits="1" branch="false" />
            <line number="142" hits="1" branch="false" />
            <line number="143" hits="1" branch="false" />
            <line number="144" hits="1" branch="false" />
            <line number="145" hits="2" branch="false" />
            <line number="148" hits="1" branch="true" condition-coverage="50% (1/2)" />
            <line number="149" hits="1" branch="false" />
            <line number="150" hits="1" branch="false" />
            <line number="151" hits="1" branch="false" />
            <line number="153" hits="0" branch="false" />
            <line number="155" hits="0" branch="false" />
            <line number="156" hits="0" branch="false" />
            <line number="157" hits="0" branch="false" />
            <line number="158" hits="0" branch="true" condition-coverage="0% (0/2)" />
            <line number="159" hits="0" branch="false" />
            <line number="160" hits="0" branch="false" />
            <line number="162" hits="1" branch="false" />
            <line number="163" hits="1" branch="false" />
          </lines>
        </class>
        <class name="dotnet_etcd.EtcdClient" filename="/home/runner/work/dotnet-etcd/dotnet-etcd/dotnet-etcd/authClient.cs" line-rate="0.275" branch-rate="1" complexity="32">
          <methods>
            <method name="Authenticate" signature="(Etcdserverpb.AuthenticateRequest,Grpc.Core.Metadata,System.Nullable`1&lt;System.DateTime&gt;,System.Threading.CancellationToken)" line-rate="1" branch-rate="1" complexity="1">
              <lines>
                <line number="21" hits="4" branch="false" />
                <line number="22" hits="4" branch="false" />
              </lines>
            </method>
            <method name="AuthEnable" signature="(Etcdserverpb.AuthEnableRequest,Grpc.Core.Metadata,System.Nullable`1&lt;System.DateTime&gt;,System.Threading.CancellationToken)" line-rate="1" branch-rate="1" complexity="1">
              <lines>
                <line number="48" hits="4" branch="false" />
                <line number="49" hits="4" branch="false" />
              </lines>
            </method>
            <method name="AuthDisable" signature="(Etcdserverpb.AuthDisableRequest,Grpc.Core.Metadata,System.Nullable`1&lt;System.DateTime&gt;,System.Threading.CancellationToken)" line-rate="1" branch-rate="1" complexity="1">
              <lines>
                <line number="75" hits="2" branch="false" />
                <line number="76" hits="2" branch="false" />
              </lines>
            </method>
            <method name="UserAdd" signature="(Etcdserverpb.AuthUserAddRequest,Grpc.Core.Metadata,System.Nullable`1&lt;System.DateTime&gt;,System.Threading.CancellationToken)" line-rate="1" branch-rate="1" complexity="1">
              <lines>
                <line number="102" hits="2" branch="false" />
                <line number="103" hits="2" branch="false" />
              </lines>
            </method>
            <method name="UserGet" signature="(Etcdserverpb.AuthUserGetRequest,Grpc.Core.Metadata,System.Nullable`1&lt;System.DateTime&gt;,System.Threading.CancellationToken)" line-rate="0" branch-rate="1" complexity="1">
              <lines>
                <line number="129" hits="0" branch="false" />
                <line number="130" hits="0" branch="false" />
              </lines>
            </method>
            <method name="UserList" signature="(Etcdserverpb.AuthUserListRequest,Grpc.Core.Metadata,System.Nullable`1&lt;System.DateTime&gt;,System.Threading.CancellationToken)" line-rate="1" branch-rate="1" complexity="1">
              <lines>
                <line number="156" hits="2" branch="false" />
                <line number="157" hits="2" branch="false" />
              </lines>
            </method>
            <method name="UserDelete" signature="(Etcdserverpb.AuthUserDeleteRequest,Grpc.Core.Metadata,System.Nullable`1&lt;System.DateTime&gt;,System.Threading.CancellationToken)" line-rate="1" branch-rate="1" complexity="1">
              <lines>
                <line number="183" hits="2" branch="false" />
                <line number="184" hits="2" branch="false" />
              </lines>
            </method>
            <method name="UserChangePassword" signature="(Etcdserverpb.AuthUserChangePasswordRequest,Grpc.Core.Metadata,System.Nullable`1&lt;System.DateTime&gt;,System.Threading.CancellationToken)" line-rate="0" branch-rate="1" complexity="1">
              <lines>
                <line number="210" hits="0" branch="false" />
                <line number="211" hits="0" branch="false" />
              </lines>
            </method>
            <method name="UserGrantRole" signature="(Etcdserverpb.AuthUserGrantRoleRequest,Grpc.Core.Metadata,System.Nullable`1&lt;System.DateTime&gt;,System.Threading.CancellationToken)" line-rate="0" branch-rate="1" complexity="1">
              <lines>
                <line number="237" hits="0" branch="false" />
                <line number="238" hits="0" branch="false" />
              </lines>
            </method>
            <method name="UserRevokeRole" signature="(Etcdserverpb.AuthUserRevokeRoleRequest,Grpc.Core.Metadata,System.Nullable`1&lt;System.DateTime&gt;,System.Threading.CancellationToken)" line-rate="0" branch-rate="1" complexity="1">
              <lines>
                <line number="264" hits="0" branch="false" />
                <line number="265" hits="0" branch="false" />
              </lines>
            </method>
            <method name="RoleAdd" signature="(Etcdserverpb.AuthRoleAddRequest,Grpc.Core.Metadata,System.Nullable`1&lt;System.DateTime&gt;,System.Threading.CancellationToken)" line-rate="1" branch-rate="1" complexity="1">
              <lines>
                <line number="291" hits="2" branch="false" />
                <line number="292" hits="2" branch="false" />
              </lines>
            </method>
            <method name="RoleGet" signature="(Etcdserverpb.AuthRoleGetRequest,Grpc.Core.Metadata,System.Nullable`1&lt;System.DateTime&gt;,System.Threading.CancellationToken)" line-rate="0" branch-rate="1" complexity="1">
              <lines>
                <line number="318" hits="0" branch="false" />
                <line number="319" hits="0" branch="false" />
              </lines>
            </method>
            <method name="RoleList" signature="(Etcdserverpb.AuthRoleListRequest,Grpc.Core.Metadata,System.Nullable`1&lt;System.DateTime&gt;,System.Threading.CancellationToken)" line-rate="0" branch-rate="1" complexity="1">
              <lines>
                <line number="345" hits="0" branch="false" />
                <line number="346" hits="0" branch="false" />
              </lines>
            </method>
            <method name="RoleDelete" signature="(Etcdserverpb.AuthRoleDeleteRequest,Grpc.Core.Metadata,System.Nullable`1&lt;System.DateTime&gt;,System.Threading.CancellationToken)" line-rate="0" branch-rate="1" complexity="1">
              <lines>
                <line number="372" hits="0" branch="false" />
                <line number="373" hits="0" branch="false" />
              </lines>
            </method>
            <method name="RoleGrantPermission" signature="(Etcdserverpb.AuthRoleGrantPermissionRequest,Grpc.Core.Metadata,System.Nullable`1&lt;System.DateTime&gt;,System.Threading.CancellationToken)" line-rate="1" branch-rate="1" complexity="1">
              <lines>
                <line number="399" hits="2" branch="false" />
                <line number="400" hits="2" branch="false" />
              </lines>
            </method>
            <method name="RoleRevokePermission" signature="(Etcdserverpb.AuthRoleRevokePermissionRequest,Grpc.Core.Metadata,System.Nullable`1&lt;System.DateTime&gt;,System.Threading.CancellationToken)" line-rate="0" branch-rate="1" complexity="1">
              <lines>
                <line number="426" hits="0" branch="false" />
                <line number="427" hits="0" branch="false" />
              </lines>
            </method>
            <method name="&lt;UserListAsync" signature="()" line-rate="0" branch-rate="1" complexity="1">
              <lines>
                <line number="169" hits="0" branch="false" />
                <line number="170" hits="0" branch="false" />
                <line number="171" hits="0" branch="false" />
              </lines>
            </method>
            <method name="&lt;UserDeleteAsync" signature="()" line-rate="1" branch-rate="1" complexity="1">
              <lines>
                <line number="196" hits="2" branch="false" />
                <line number="197" hits="2" branch="false" />
                <line number="198" hits="2" branch="false" />
              </lines>
            </method>
            <method name="&lt;UserChangePasswordAsync" signature="()" line-rate="0" branch-rate="1" complexity="1">
              <lines>
                <line number="223" hits="0" branch="false" />
                <line number="224" hits="0" branch="false" />
                <line number="225" hits="0" branch="false" />
              </lines>
            </method>
            <method name="&lt;UserGrantRoleAsync" signature="()" line-rate="0" branch-rate="1" complexity="1">
              <lines>
                <line number="250" hits="0" branch="false" />
                <line number="251" hits="0" branch="false" />
                <line number="252" hits="0" branch="false" />
              </lines>
            </method>
            <method name="&lt;UserRevokeRoleAsync" signature="()" line-rate="0" branch-rate="1" complexity="1">
              <lines>
                <line number="277" hits="0" branch="false" />
                <line number="278" hits="0" branch="false" />
                <line number="279" hits="0" branch="false" />
              </lines>
            </method>
            <method name="&lt;AuthenticateAsync" signature="()" line-rate="0" branch-rate="1" complexity="1">
              <lines>
                <line number="34" hits="0" branch="false" />
                <line number="35" hits="0" branch="false" />
                <line number="36" hits="0" branch="false" />
              </lines>
            </method>
            <method name="&lt;RoleAddAsync" signature="()" line-rate="0" branch-rate="1" complexity="1">
              <lines>
                <line number="304" hits="0" branch="false" />
                <line number="305" hits="0" branch="false" />
                <line number="306" hits="0" branch="false" />
              </lines>
            </method>
            <method name="&lt;RoleGetAsync" signature="()" line-rate="0" branch-rate="1" complexity="1">
              <lines>
                <line number="331" hits="0" branch="false" />
                <line number="332" hits="0" branch="false" />
                <line number="333" hits="0" branch="false" />
              </lines>
            </method>
            <method name="&lt;RoleListAsync" signature="()" line-rate="0" branch-rate="1" complexity="1">
              <lines>
                <line number="358" hits="0" branch="false" />
                <line number="359" hits="0" branch="false" />
                <line number="360" hits="0" branch="false" />
              </lines>
            </method>
            <method name="&lt;RoleDeleteAsync" signature="()" line-rate="0" branch-rate="1" complexity="1">
              <lines>
                <line number="385" hits="0" branch="false" />
                <line number="386" hits="0" branch="false" />
                <line number="387" hits="0" branch="false" />
              </lines>
            </method>
            <method name="&lt;RoleGrantPermissionAsync" signature="()" line-rate="0" branch-rate="1" complexity="1">
              <lines>
                <line number="412" hits="0" branch="false" />
                <line number="413" hits="0" branch="false" />
                <line number="414" hits="0" branch="false" />
              </lines>
            </method>
            <method name="&lt;RoleRevokePermissionAsync" signature="()" line-rate="0" branch-rate="1" complexity="1">
              <lines>
                <line number="439" hits="0" branch="false" />
                <line number="440" hits="0" branch="false" />
                <line number="441" hits="0" branch="false" />
              </lines>
            </method>
            <method name="&lt;AuthEnableAsync" signature="()" line-rate="1" branch-rate="1" complexity="1">
              <lines>
                <line number="61" hits="4" branch="false" />
                <line number="62" hits="4" branch="false" />
                <line number="63" hits="4" branch="false" />
              </lines>
            </method>
            <method name="&lt;AuthDisableAsync" signature="()" line-rate="0" branch-rate="1" complexity="1">
              <lines>
                <line number="88" hits="0" branch="false" />
                <line number="89" hits="0" branch="false" />
                <line number="90" hits="0" branch="false" />
              </lines>
            </method>
            <method name="&lt;UserAddAsync" signature="()" line-rate="0" branch-rate="1" complexity="1">
              <lines>
                <line number="115" hits="0" branch="false" />
                <line number="116" hits="0" branch="false" />
                <line number="117" hits="0" branch="false" />
              </lines>
            </method>
            <method name="&lt;UserGetAsync" signature="()" line-rate="0" branch-rate="1" complexity="1">
              <lines>
                <line number="142" hits="0" branch="false" />
                <line number="143" hits="0" branch="false" />
                <line number="144" hits="0" branch="false" />
              </lines>
            </method>
          </methods>
          <lines>
            <line number="21" hits="4" branch="false" />
            <line number="22" hits="4" branch="false" />
            <line number="34" hits="0" branch="false" />
            <line number="35" hits="0" branch="false" />
            <line number="36" hits="0" branch="false" />
            <line number="48" hits="4" branch="false" />
            <line number="49" hits="4" branch="false" />
            <line number="61" hits="4" branch="false" />
            <line number="62" hits="4" branch="false" />
            <line number="63" hits="4" branch="false" />
            <line number="75" hits="2" branch="false" />
            <line number="76" hits="2" branch="false" />
            <line number="88" hits="0" branch="false" />
            <line number="89" hits="0" branch="false" />
            <line number="90" hits="0" branch="false" />
            <line number="102" hits="2" branch="false" />
            <line number="103" hits="2" branch="false" />
            <line number="115" hits="0" branch="false" />
            <line number="116" hits="0" branch="false" />
            <line number="117" hits="0" branch="false" />
            <line number="129" hits="0" branch="false" />
            <line number="130" hits="0" branch="false" />
            <line number="142" hits="0" branch="false" />
            <line number="143" hits="0" branch="false" />
            <line number="144" hits="0" branch="false" />
            <line number="156" hits="2" branch="false" />
            <line number="157" hits="2" branch="false" />
            <line number="169" hits="0" branch="false" />
            <line number="170" hits="0" branch="false" />
            <line number="171" hits="0" branch="false" />
            <line number="183" hits="2" branch="false" />
            <line number="184" hits="2" branch="false" />
            <line number="196" hits="2" branch="false" />
            <line number="197" hits="2" branch="false" />
            <line number="198" hits="2" branch="false" />
            <line number="210" hits="0" branch="false" />
            <line number="211" hits="0" branch="false" />
            <line number="223" hits="0" branch="false" />
            <line number="224" hits="0" branch="false" />
            <line number="225" hits="0" branch="false" />
            <line number="237" hits="0" branch="false" />
            <line number="238" hits="0" branch="false" />
            <line number="250" hits="0" branch="false" />
            <line number="251" hits="0" branch="false" />
            <line number="252" hits="0" branch="false" />
            <line number="264" hits="0" branch="false" />
            <line number="265" hits="0" branch="false" />
            <line number="277" hits="0" branch="false" />
            <line number="278" hits="0" branch="false" />
            <line number="279" hits="0" branch="false" />
            <line number="291" hits="2" branch="false" />
            <line number="292" hits="2" branch="false" />
            <line number="304" hits="0" branch="false" />
            <line number="305" hits="0" branch="false" />
            <line number="306" hits="0" branch="false" />
            <line number="318" hits="0" branch="false" />
            <line number="319" hits="0" branch="false" />
            <line number="331" hits="0" branch="false" />
            <line number="332" hits="0" branch="false" />
            <line number="333" hits="0" branch="false" />
            <line number="345" hits="0" branch="false" />
            <line number="346" hits="0" branch="false" />
            <line number="358" hits="0" branch="false" />
            <line number="359" hits="0" branch="false" />
            <line number="360" hits="0" branch="false" />
            <line number="372" hits="0" branch="false" />
            <line number="373" hits="0" branch="false" />
            <line number="385" hits="0" branch="false" />
            <line number="386" hits="0" branch="false" />
            <line number="387" hits="0" branch="false" />
            <line number="399" hits="2" branch="false" />
            <line number="400" hits="2" branch="false" />
            <line number="412" hits="0" branch="false" />
            <line number="413" hits="0" branch="false" />
            <line number="414" hits="0" branch="false" />
            <line number="426" hits="0" branch="false" />
            <line number="427" hits="0" branch="false" />
            <line number="439" hits="0" branch="false" />
            <line number="440" hits="0" branch="false" />
            <line number="441" hits="0" branch="false" />
          </lines>
        </class>
        <class name="dotnet_etcd.EtcdClient" filename="/home/runner/work/dotnet-etcd/dotnet-etcd/dotnet-etcd/clusterClient.cs" line-rate="0" branch-rate="1" complexity="8">
          <methods>
            <method name="MemberAdd" signature="(Etcdserverpb.MemberAddRequest,Grpc.Core.Metadata,System.Nullable`1&lt;System.DateTime&gt;,System.Threading.CancellationToken)" line-rate="0" branch-rate="1" complexity="1">
              <lines>
                <line number="21" hits="0" branch="false" />
                <line number="22" hits="0" branch="false" />
              </lines>
            </method>
            <method name="MemberRemove" signature="(Etcdserverpb.MemberRemoveRequest,Grpc.Core.Metadata,System.Nullable`1&lt;System.DateTime&gt;,System.Threading.CancellationToken)" line-rate="0" branch-rate="1" complexity="1">
              <lines>
                <line number="48" hits="0" branch="false" />
                <line number="49" hits="0" branch="false" />
              </lines>
            </method>
            <method name="MemberUpdate" signature="(Etcdserverpb.MemberUpdateRequest,Grpc.Core.Metadata,System.Nullable`1&lt;System.DateTime&gt;,System.Threading.CancellationToken)" line-rate="0" branch-rate="1" complexity="1">
              <lines>
                <line number="75" hits="0" branch="false" />
                <line number="76" hits="0" branch="false" />
              </lines>
            </method>
            <method name="MemberList" signature="(Etcdserverpb.MemberListRequest,Grpc.Core.Metadata,System.Nullable`1&lt;System.DateTime&gt;,System.Threading.CancellationToken)" line-rate="0" branch-rate="1" complexity="1">
              <lines>
                <line number="102" hits="0" branch="false" />
                <line number="103" hits="0" branch="false" />
              </lines>
            </method>
            <method name="&lt;MemberAddAsync" signature="()" line-rate="0" branch-rate="1" complexity="1">
              <lines>
                <line number="34" hits="0" branch="false" />
                <line number="35" hits="0" branch="false" />
                <line number="36" hits="0" branch="false" />
              </lines>
            </method>
            <method name="&lt;MemberRemoveAsync" signature="()" line-rate="0" branch-rate="1" complexity="1">
              <lines>
                <line number="61" hits="0" branch="false" />
                <line number="62" hits="0" branch="false" />
                <line number="63" hits="0" branch="false" />
              </lines>
            </method>
            <method name="&lt;MemberUpdateAsync" signature="()" line-rate="0" branch-rate="1" complexity="1">
              <lines>
                <line number="88" hits="0" branch="false" />
                <line number="89" hits="0" branch="false" />
                <line number="90" hits="0" branch="false" />
              </lines>
            </method>
            <method name="&lt;MemberListAsync" signature="()" line-rate="0" branch-rate="1" complexity="1">
              <lines>
                <line number="115" hits="0" branch="false" />
                <line number="116" hits="0" branch="false" />
                <line number="117" hits="0" branch="false" />
              </lines>
            </method>
          </methods>
          <lines>
            <line number="21" hits="0" branch="false" />
            <line number="22" hits="0" branch="false" />
            <line number="34" hits="0" branch="false" />
            <line number="35" hits="0" branch="false" />
            <line number="36" hits="0" branch="false" />
            <line number="48" hits="0" branch="false" />
            <line number="49" hits="0" branch="false" />
            <line number="61" hits="0" branch="false" />
            <line number="62" hits="0" branch="false" />
            <line number="63" hits="0" branch="false" />
            <line number="75" hits="0" branch="false" />
            <line number="76" hits="0" branch="false" />
            <line number="88" hits="0" branch="false" />
            <line number="89" hits="0" branch="false" />
            <line number="90" hits="0" branch="false" />
            <line number="102" hits="0" branch="false" />
            <line number="103" hits="0" branch="false" />
            <line number="115" hits="0" branch="false" />
            <line number="116" hits="0" branch="false" />
            <line number="117" hits="0" branch="false" />
          </lines>
        </class>
        <class name="dotnet_etcd.EtcdClient" filename="/home/runner/work/dotnet-etcd/dotnet-etcd/dotnet-etcd/electionClient.cs" line-rate="0.2962962962962963" branch-rate="0.15384615384615385" complexity="52">
          <methods>
            <method name="Campaign" signature="(V3Electionpb.CampaignRequest,Grpc.Core.Metadata,System.Nullable`1&lt;System.DateTime&gt;,System.Threading.CancellationToken)" line-rate="1" branch-rate="0.5" complexity="2">
              <lines>
                <line number="30" hits="2" branch="true" condition-coverage="50% (1/2)" />
                <line number="31" hits="2" branch="false" />
                <line number="32" hits="2" branch="false" />
                <line number="33" hits="2" branch="false" />
                <line number="34" hits="2" branch="false" />
              </lines>
            </method>
            <method name="Campaign" signature="(System.String,System.String,Grpc.Core.Metadata,System.Nullable`1&lt;System.DateTime&gt;,System.Threading.CancellationToken)" line-rate="0" branch-rate="0" complexity="4">
              <lines>
                <line number="54" hits="0" branch="true" condition-coverage="0% (0/4)" />
                <line number="55" hits="0" branch="false" />
                <line number="56" hits="0" branch="false" />
                <line number="57" hits="0" branch="false" />
                <line number="58" hits="0" branch="false" />
                <line number="59" hits="0" branch="false" />
                <line number="60" hits="0" branch="false" />
                <line number="61" hits="0" branch="false" />
                <line number="62" hits="0" branch="false" />
              </lines>
            </method>
            <method name="Proclaim" signature="(V3Electionpb.ProclaimRequest,Grpc.Core.Metadata,System.Nullable`1&lt;System.DateTime&gt;,System.Threading.CancellationToken)" line-rate="1" branch-rate="0.5" complexity="2">
              <lines>
                <line number="127" hits="2" branch="true" condition-coverage="50% (1/2)" />
                <line number="128" hits="2" branch="false" />
                <line number="129" hits="2" branch="false" />
                <line number="130" hits="2" branch="false" />
                <line number="131" hits="2" branch="false" />
              </lines>
            </method>
            <method name="Proclaim" signature="(V3Electionpb.LeaderKey,System.String,Grpc.Core.Metadata,System.Nullable`1&lt;System.DateTime&gt;,System.Threading.CancellationToken)" line-rate="0" branch-rate="0" complexity="4">
              <lines>
                <line number="148" hits="0" branch="true" condition-coverage="0% (0/4)" />
                <line number="149" hits="0" branch="false" />
                <line number="150" hits="0" branch="false" />
                <line number="151" hits="0" branch="false" />
                <line number="152" hits="0" branch="false" />
                <line number="153" hits="0" branch="false" />
                <line number="154" hits="0" branch="false" />
                <line number="155" hits="0" branch="false" />
                <line number="156" hits="0" branch="false" />
              </lines>
            </method>
            <method name="Leader" signature="(V3Electionpb.LeaderRequest,Grpc.Core.Metadata,System.Nullable`1&lt;System.DateTime&gt;,System.Threading.CancellationToken)" line-rate="1" branch-rate="0.5" complexity="2">
              <lines>
                <line number="215" hits="4" branch="true" condition-coverage="50% (1/2)" />
                <line number="216" hits="4" branch="false" />
                <line number="217" hits="4" branch="false" />
                <line number="218" hits="4" branch="false" />
                <line number="219" hits="4" branch="false" />
              </lines>
            </method>
            <method name="Leader" signature="(System.String,Grpc.Core.Metadata,System.Nullable`1&lt;System.DateTime&gt;,System.Threading.CancellationToken)" line-rate="0" branch-rate="0" complexity="2">
              <lines>
                <line number="234" hits="0" branch="true" condition-coverage="0% (0/2)" />
                <line number="235" hits="0" branch="false" />
                <line number="236" hits="0" branch="false" />
                <line number="237" hits="0" branch="false" />
                <line number="238" hits="0" branch="false" />
              </lines>
            </method>
            <method name="Resign" signature="(V3Electionpb.ResignRequest,Grpc.Core.Metadata,System.Nullable`1&lt;System.DateTime&gt;,System.Threading.CancellationToken)" line-rate="1" branch-rate="0.5" complexity="2">
              <lines>
                <line number="351" hits="2" branch="true" condition-coverage="50% (1/2)" />
                <line number="352" hits="2" branch="false" />
                <line number="353" hits="2" branch="false" />
                <line number="354" hits="2" branch="false" />
                <line number="355" hits="2" branch="false" />
              </lines>
            </method>
            <method name="Resign" signature="(V3Electionpb.LeaderKey,Grpc.Core.Metadata,System.Nullable`1&lt;System.DateTime&gt;,System.Threading.CancellationToken)" line-rate="0" branch-rate="0" complexity="2">
              <lines>
                <line number="371" hits="0" branch="true" condition-coverage="0% (0/2)" />
                <line number="372" hits="0" branch="false" />
                <line number="373" hits="0" branch="false" />
                <line number="374" hits="0" branch="false" />
                <line number="375" hits="0" branch="false" />
              </lines>
            </method>
            <method name="Observe" signature="(V3Electionpb.LeaderRequest,Grpc.Core.Metadata,System.Nullable`1&lt;System.DateTime&gt;,System.Threading.CancellationToken)" line-rate="0" branch-rate="0" complexity="2">
              <lines>
                <line number="431" hits="0" branch="true" condition-coverage="0% (0/2)" />
                <line number="432" hits="0" branch="false" />
                <line number="433" hits="0" branch="false" />
                <line number="434" hits="0" branch="false" />
                <line number="435" hits="0" branch="false" />
              </lines>
            </method>
            <method name="Observe" signature="(System.String,Grpc.Core.Metadata,System.Nullable`1&lt;System.DateTime&gt;,System.Threading.CancellationToken)" line-rate="0" branch-rate="0" complexity="2">
              <lines>
                <line number="451" hits="0" branch="true" condition-coverage="0% (0/2)" />
                <line number="452" hits="0" branch="false" />
                <line number="453" hits="0" branch="false" />
                <line number="454" hits="0" branch="false" />
                <line number="455" hits="0" branch="false" />
              </lines>
            </method>
            <method name="&lt;CampaignAsync" signature="()" line-rate="1" branch-rate="0.5" complexity="2">
              <lines>
                <line number="80" hits="2" branch="true" condition-coverage="50% (1/2)" />
                <line number="81" hits="2" branch="false" />
                <line number="82" hits="2" branch="false" />
                <line number="83" hits="2" branch="false" />
                <line number="84" hits="2" branch="false" />
              </lines>
            </method>
            <method name="&lt;CampaignAsync" signature="()" line-rate="0" branch-rate="0" complexity="4">
              <lines>
                <line number="104" hits="0" branch="true" condition-coverage="0% (0/4)" />
                <line number="105" hits="0" branch="false" />
                <line number="106" hits="0" branch="false" />
                <line number="107" hits="0" branch="false" />
                <line number="108" hits="0" branch="false" />
                <line number="109" hits="0" branch="false" />
                <line number="110" hits="0" branch="false" />
                <line number="111" hits="0" branch="false" />
                <line number="112" hits="0" branch="false" />
              </lines>
            </method>
            <method name="&lt;ProclaimAsync" signature="()" line-rate="1" branch-rate="0.5" complexity="2">
              <lines>
                <line number="171" hits="2" branch="true" condition-coverage="50% (1/2)" />
                <line number="172" hits="2" branch="false" />
                <line number="173" hits="2" branch="false" />
                <line number="174" hits="2" branch="false" />
                <line number="175" hits="2" branch="false" />
              </lines>
            </method>
            <method name="&lt;ProclaimAsync" signature="()" line-rate="0" branch-rate="0" complexity="4">
              <lines>
                <line number="192" hits="0" branch="true" condition-coverage="0% (0/4)" />
                <line number="193" hits="0" branch="false" />
                <line number="194" hits="0" branch="false" />
                <line number="195" hits="0" branch="false" />
                <line number="196" hits="0" branch="false" />
                <line number="197" hits="0" branch="false" />
                <line number="198" hits="0" branch="false" />
                <line number="199" hits="0" branch="false" />
                <line number="200" hits="0" branch="false" />
              </lines>
            </method>
            <method name="&lt;LeaderAsync" signature="()" line-rate="1" branch-rate="0.5" complexity="2">
              <lines>
                <line number="253" hits="4" branch="true" condition-coverage="50% (1/2)" />
                <line number="254" hits="4" branch="false" />
                <line number="255" hits="4" branch="false" />
                <line number="256" hits="4" branch="false" />
                <line number="257" hits="4" branch="false" />
              </lines>
            </method>
            <method name="&lt;LeaderAsync" signature="()" line-rate="0" branch-rate="0" complexity="2">
              <lines>
                <line number="272" hits="0" branch="true" condition-coverage="0% (0/2)" />
                <line number="273" hits="0" branch="false" />
                <line number="274" hits="0" branch="false" />
                <line number="275" hits="0" branch="false" />
                <line number="276" hits="0" branch="false" />
              </lines>
            </method>
            <method name="&lt;ResignAsync" signature="()" line-rate="1" branch-rate="0.5" complexity="2">
              <lines>
                <line number="391" hits="2" branch="true" condition-coverage="50% (1/2)" />
                <line number="392" hits="2" branch="false" />
                <line number="393" hits="2" branch="false" />
                <line number="394" hits="2" branch="false" />
                <line number="395" hits="2" branch="false" />
              </lines>
            </method>
            <method name="&lt;ResignAsync" signature="()" line-rate="0" branch-rate="0" complexity="2">
              <lines>
                <line number="411" hits="0" branch="true" condition-coverage="0% (0/2)" />
                <line number="412" hits="0" branch="false" />
                <line number="413" hits="0" branch="false" />
                <line number="414" hits="0" branch="false" />
                <line number="415" hits="0" branch="false" />
              </lines>
            </method>
            <method name="ObserveAsync" signature="()" line-rate="0" branch-rate="0" complexity="4">
              <lines>
                <line number="292" hits="0" branch="false" />
                <line number="293" hits="0" branch="true" condition-coverage="0% (0/2)" />
                <line number="294" hits="0" branch="false" />
                <line number="295" hits="0" branch="false" />
                <line number="296" hits="0" branch="false" />
                <line number="297" hits="0" branch="false" />
                <line number="298" hits="0" branch="false" />
                <line number="299" hits="0" branch="true" condition-coverage="0% (0/2)" />
                <line number="300" hits="0" branch="false" />
                <line number="301" hits="0" branch="false" />
                <line number="302" hits="0" branch="false" />
                <line number="303" hits="0" branch="false" />
                <line number="304" hits="0" branch="false" />
              </lines>
            </method>
            <method name="ObserveAsync" signature="()" line-rate="0" branch-rate="0" complexity="4">
              <lines>
                <line number="320" hits="0" branch="false" />
                <line number="321" hits="0" branch="true" condition-coverage="0% (0/2)" />
                <line number="322" hits="0" branch="false" />
                <line number="323" hits="0" branch="false" />
                <line number="324" hits="0" branch="false" />
                <line number="325" hits="0" branch="false" />
                <line number="326" hits="0" branch="false" />
                <line number="327" hits="0" branch="false" />
                <line number="328" hits="0" branch="false" />
                <line number="329" hits="0" branch="false" />
                <line number="330" hits="0" branch="true" condition-coverage="0% (0/2)" />
                <line number="331" hits="0" branch="false" />
                <line number="332" hits="0" branch="false" />
                <line number="333" hits="0" branch="false" />
                <line number="334" hits="0" branch="false" />
                <line number="335" hits="0" branch="false" />
              </lines>
            </method>
          </methods>
          <lines>
            <line number="30" hits="2" branch="true" condition-coverage="50% (1/2)" />
            <line number="31" hits="2" branch="false" />
            <line number="32" hits="2" branch="false" />
            <line number="33" hits="2" branch="false" />
            <line number="34" hits="2" branch="false" />
            <line number="54" hits="0" branch="true" condition-coverage="0% (0/4)" />
            <line number="55" hits="0" branch="false" />
            <line number="56" hits="0" branch="false" />
            <line number="57" hits="0" branch="false" />
            <line number="58" hits="0" branch="false" />
            <line number="59" hits="0" branch="false" />
            <line number="60" hits="0" branch="false" />
            <line number="61" hits="0" branch="false" />
            <line number="62" hits="0" branch="false" />
            <line number="80" hits="2" branch="true" condition-coverage="50% (1/2)" />
            <line number="81" hits="2" branch="false" />
            <line number="82" hits="2" branch="false" />
            <line number="83" hits="2" branch="false" />
            <line number="84" hits="2" branch="false" />
            <line number="104" hits="0" branch="true" condition-coverage="0% (0/4)" />
            <line number="105" hits="0" branch="false" />
            <line number="106" hits="0" branch="false" />
            <line number="107" hits="0" branch="false" />
            <line number="108" hits="0" branch="false" />
            <line number="109" hits="0" branch="false" />
            <line number="110" hits="0" branch="false" />
            <line number="111" hits="0" branch="false" />
            <line number="112" hits="0" branch="false" />
            <line number="127" hits="2" branch="true" condition-coverage="50% (1/2)" />
            <line number="128" hits="2" branch="false" />
            <line number="129" hits="2" branch="false" />
            <line number="130" hits="2" branch="false" />
            <line number="131" hits="2" branch="false" />
            <line number="148" hits="0" branch="true" condition-coverage="0% (0/4)" />
            <line number="149" hits="0" branch="false" />
            <line number="150" hits="0" branch="false" />
            <line number="151" hits="0" branch="false" />
            <line number="152" hits="0" branch="false" />
            <line number="153" hits="0" branch="false" />
            <line number="154" hits="0" branch="false" />
            <line number="155" hits="0" branch="false" />
            <line number="156" hits="0" branch="false" />
            <line number="171" hits="2" branch="true" condition-coverage="50% (1/2)" />
            <line number="172" hits="2" branch="false" />
            <line number="173" hits="2" branch="false" />
            <line number="174" hits="2" branch="false" />
            <line number="175" hits="2" branch="false" />
            <line number="192" hits="0" branch="true" condition-coverage="0% (0/4)" />
            <line number="193" hits="0" branch="false" />
            <line number="194" hits="0" branch="false" />
            <line number="195" hits="0" branch="false" />
            <line number="196" hits="0" branch="false" />
            <line number="197" hits="0" branch="false" />
            <line number="198" hits="0" branch="false" />
            <line number="199" hits="0" branch="false" />
            <line number="200" hits="0" branch="false" />
            <line number="215" hits="4" branch="true" condition-coverage="50% (1/2)" />
            <line number="216" hits="4" branch="false" />
            <line number="217" hits="4" branch="false" />
            <line number="218" hits="4" branch="false" />
            <line number="219" hits="4" branch="false" />
            <line number="234" hits="0" branch="true" condition-coverage="0% (0/2)" />
            <line number="235" hits="0" branch="false" />
            <line number="236" hits="0" branch="false" />
            <line number="237" hits="0" branch="false" />
            <line number="238" hits="0" branch="false" />
            <line number="253" hits="4" branch="true" condition-coverage="50% (1/2)" />
            <line number="254" hits="4" branch="false" />
            <line number="255" hits="4" branch="false" />
            <line number="256" hits="4" branch="false" />
            <line number="257" hits="4" branch="false" />
            <line number="272" hits="0" branch="true" condition-coverage="0% (0/2)" />
            <line number="273" hits="0" branch="false" />
            <line number="274" hits="0" branch="false" />
            <line number="275" hits="0" branch="false" />
            <line number="276" hits="0" branch="false" />
            <line number="292" hits="0" branch="false" />
            <line number="293" hits="0" branch="true" condition-coverage="0% (0/2)" />
            <line number="294" hits="0" branch="false" />
            <line number="295" hits="0" branch="false" />
            <line number="296" hits="0" branch="false" />
            <line number="297" hits="0" branch="false" />
            <line number="298" hits="0" branch="false" />
            <line number="299" hits="0" branch="true" condition-coverage="0% (0/2)" />
            <line number="300" hits="0" branch="false" />
            <line number="301" hits="0" branch="false" />
            <line number="302" hits="0" branch="false" />
            <line number="303" hits="0" branch="false" />
            <line number="304" hits="0" branch="false" />
            <line number="320" hits="0" branch="false" />
            <line number="321" hits="0" branch="true" condition-coverage="0% (0/2)" />
            <line number="322" hits="0" branch="false" />
            <line number="323" hits="0" branch="false" />
            <line number="324" hits="0" branch="false" />
            <line number="325" hits="0" branch="false" />
            <line number="326" hits="0" branch="false" />
            <line number="327" hits="0" branch="false" />
            <line number="328" hits="0" branch="false" />
            <line number="329" hits="0" branch="false" />
            <line number="330" hits="0" branch="true" condition-coverage="0% (0/2)" />
            <line number="331" hits="0" branch="false" />
            <line number="332" hits="0" branch="false" />
            <line number="333" hits="0" branch="false" />
            <line number="334" hits="0" branch="false" />
            <line number="335" hits="0" branch="false" />
            <line number="351" hits="2" branch="true" condition-coverage="50% (1/2)" />
            <line number="352" hits="2" branch="false" />
            <line number="353" hits="2" branch="false" />
            <line number="354" hits="2" branch="false" />
            <line number="355" hits="2" branch="false" />
            <line number="371" hits="0" branch="true" condition-coverage="0% (0/2)" />
            <line number="372" hits="0" branch="false" />
            <line number="373" hits="0" branch="false" />
            <line number="374" hits="0" branch="false" />
            <line number="375" hits="0" branch="false" />
            <line number="391" hits="2" branch="true" condition-coverage="50% (1/2)" />
            <line number="392" hits="2" branch="false" />
            <line number="393" hits="2" branch="false" />
            <line number="394" hits="2" branch="false" />
            <line number="395" hits="2" branch="false" />
            <line number="411" hits="0" branch="true" condition-coverage="0% (0/2)" />
            <line number="412" hits="0" branch="false" />
            <line number="413" hits="0" branch="false" />
            <line number="414" hits="0" branch="false" />
            <line number="415" hits="0" branch="false" />
            <line number="431" hits="0" branch="true" condition-coverage="0% (0/2)" />
            <line number="432" hits="0" branch="false" />
            <line number="433" hits="0" branch="false" />
            <line number="434" hits="0" branch="false" />
            <line number="435" hits="0" branch="false" />
            <line number="451" hits="0" branch="true" condition-coverage="0% (0/2)" />
            <line number="452" hits="0" branch="false" />
            <line number="453" hits="0" branch="false" />
            <line number="454" hits="0" branch="false" />
            <line number="455" hits="0" branch="false" />
          </lines>
        </class>
        <class name="dotnet_etcd.EtcdClient" filename="/home/runner/work/dotnet-etcd/dotnet-etcd/dotnet-etcd/etcdClient.cs" line-rate="0.8115942028985508" branch-rate="0.6578947368421053" complexity="44">
          <methods>
            <method name="GetConnection" signature="()" line-rate="0" branch-rate="1" complexity="1">
              <lines>
                <line number="28" hits="0" branch="false" />
              </lines>
            </method>
            <method name="GetWatchManager" signature="()" line-rate="0" branch-rate="1" complexity="1">
              <lines>
                <line number="34" hits="0" branch="false" />
              </lines>
            </method>
            <method name="CancelWatch" signature="(System.Int64)" line-rate="0" branch-rate="1" complexity="1">
              <lines>
                <line number="40" hits="0" branch="false" />
              </lines>
            </method>
            <method name="CancelWatch" signature="(System.Int64[])" line-rate="0" branch-rate="0" complexity="2">
              <lines>
                <line number="47" hits="0" branch="false" />
                <line number="48" hits="0" branch="true" condition-coverage="0% (0/2)" />
                <line number="49" hits="0" branch="false" />
                <line number="50" hits="0" branch="false" />
                <line number="51" hits="0" branch="false" />
                <line number="52" hits="0" branch="false" />
              </lines>
            </method>
            <method name="Dispose" signature="(System.Boolean)" line-rate="1" branch-rate="0.75" complexity="8">
              <lines>
                <line number="261" hits="1" branch="false" />
                <line number="262" hits="1" branch="true" condition-coverage="100% (2/2)" />
                <line number="263" hits="1" branch="false" />
                <line number="264" hits="1" branch="true" condition-coverage="100% (2/2)" />
                <line number="265" hits="1" branch="false" />
                <line number="267" hits="1" branch="true" condition-coverage="50% (1/2)" />
                <line number="268" hits="1" branch="true" condition-coverage="50% (1/2)" />
                <line number="269" hits="1" branch="false" />
                <line number="271" hits="1" branch="false" />
                <line number="272" hits="1" branch="false" />
                <line number="273" hits="1" branch="false" />
              </lines>
            </method>
            <method name="Dispose" signature="()" line-rate="1" branch-rate="1" complexity="1">
              <lines>
                <line number="279" hits="1" branch="false" />
                <line number="280" hits="1" branch="false" />
                <line number="281" hits="1" branch="false" />
                <line number="282" hits="1" branch="false" />
              </lines>
            </method>
            <method name=".ctor" signature="(Grpc.Core.CallInvoker)" line-rate="1" branch-rate="1" complexity="1">
              <lines>
                <line number="100" hits="54" branch="false" />
                <line number="101" hits="54" branch="false" />
                <line number="102" hits="54" branch="false" />
                <line number="104" hits="54" branch="false" />
                <line number="107" hits="54" branch="false" />
                <line number="108" hits="54" branch="false" />
                <line number="109" hits="54" branch="false" />
                <line number="112" hits="54" branch="false" />
                <line number="113" hits="54" branch="false" />
                <line number="114" hits="54" branch="false" />
              </lines>
            </method>
            <method name=".ctor" signature="(System.String,System.Int32,System.String,System.Action`1&lt;Grpc.Net.Client.GrpcChannelOptions&gt;,Grpc.Core.Interceptors.Interceptor[])" line-rate="0.8611111111111112" branch-rate="0.6923076923076923" complexity="26">
              <lines>
                <line number="125" hits="6" branch="false" />
                <line number="126" hits="6" branch="false" />
                <line number="127" hits="6" branch="false" />
                <line number="128" hits="6" branch="false" />
                <line number="130" hits="6" branch="true" condition-coverage="100% (2/2)" />
                <line number="132" hits="6" branch="true" condition-coverage="50% (1/2)" />
                <line number="133" hits="0" branch="false" />
                <line number="134" hits="0" branch="false" />
                <line number="135" hits="0" branch="false" />
                <line number="136" hits="0" branch="false" />
                <line number="138" hits="6" branch="false" />
                <line number="139" hits="6" branch="false" />
                <line number="140" hits="6" branch="false" />
                <line number="141" hits="6" branch="false" />
                <line number="142" hits="6" branch="false" />
                <line number="143" hits="6" branch="false" />
                <line number="146" hits="6" branch="false" />
                <line number="147" hits="6" branch="false" />
                <line number="148" hits="6" branch="false" />
                <line number="149" hits="6" branch="false" />
                <line number="150" hits="6" branch="false" />
                <line number="151" hits="6" branch="false" />
                <line number="152" hits="6" branch="false" />
                <line number="153" hits="6" branch="false" />
                <line number="154" hits="6" branch="false" />
                <line number="155" hits="6" branch="false" />
                <line number="156" hits="6" branch="false" />
                <line number="157" hits="6" branch="false" />
                <line number="158" hits="6" branch="false" />
                <line number="160" hits="6" branch="true" condition-coverage="100% (2/2)" />
                <line number="163" hits="6" branch="true" condition-coverage="50% (1/2)" />
                <line number="164" hits="0" branch="false" />
                <line number="165" hits="0" branch="false" />
                <line number="166" hits="0" branch="false" />
                <line number="168" hits="6" branch="false" />
                <line number="169" hits="6" branch="false" />
                <line number="170" hits="6" branch="false" />
                <line number="172" hits="32" branch="true" condition-coverage="100% (2/2)" />
                <line number="173" hits="7" branch="false" />
                <line number="174" hits="7" branch="false" />
                <line number="177" hits="7" branch="true" condition-coverage="50% (3/6)" />
                <line number="178" hits="7" branch="false" />
                <line number="179" hits="7" branch="false" />
                <line number="180" hits="0" branch="false" />
                <line number="181" hits="0" branch="false" />
                <line number="182" hits="0" branch="false" />
                <line number="184" hits="7" branch="true" condition-coverage="75% (3/4)" />
                <line number="185" hits="7" branch="false" />
                <line number="186" hits="7" branch="false" />
                <line number="187" hits="7" branch="true" condition-coverage="50% (1/2)" />
                <line number="188" hits="7" branch="false" />
                <line number="189" hits="7" branch="false" />
                <line number="190" hits="7" branch="false" />
                <line number="192" hits="7" branch="false" />
                <line number="193" hits="7" branch="false" />
                <line number="195" hits="6" branch="false" />
                <line number="196" hits="19" branch="false" />
                <line number="197" hits="6" branch="false" />
                <line number="198" hits="6" branch="false" />
                <line number="199" hits="6" branch="false" />
                <line number="201" hits="6" branch="false" />
                <line number="202" hits="6" branch="false" />
                <line number="204" hits="6" branch="true" condition-coverage="75% (3/4)" />
                <line number="205" hits="6" branch="false" />
                <line number="206" hits="6" branch="false" />
                <line number="209" hits="6" branch="false" />
                <line number="212" hits="6" branch="false" />
                <line number="213" hits="6" branch="false" />
                <line number="214" hits="6" branch="false" />
                <line number="217" hits="6" branch="false" />
                <line number="218" hits="6" branch="false" />
                <line number="219" hits="6" branch="false" />
              </lines>
            </method>
            <method name=".ctor" signature="(dotnet_etcd.interfaces.IConnection,dotnet_etcd.interfaces.IWatchManager)" line-rate="0.5625" branch-rate="0.5" complexity="2">
              <lines>
                <line number="227" hits="1" branch="false" />
                <line number="228" hits="1" branch="false" />
                <line number="229" hits="1" branch="false" />
                <line number="231" hits="1" branch="false" />
                <line number="233" hits="1" branch="true" condition-coverage="50% (1/2)" />
                <line number="234" hits="1" branch="false" />
                <line number="235" hits="1" branch="false" />
                <line number="236" hits="1" branch="false" />
                <line number="238" hits="0" branch="false" />
                <line number="240" hits="0" branch="false" />
                <line number="241" hits="0" branch="false" />
                <line number="242" hits="0" branch="false" />
                <line number="245" hits="0" branch="false" />
                <line number="246" hits="0" branch="false" />
                <line number="247" hits="0" branch="false" />
                <line number="248" hits="1" branch="false" />
              </lines>
            </method>
            <method name=".cctor" signature="()" line-rate="1" branch-rate="1" complexity="1">
              <lines>
                <line number="72" hits="1" branch="false" />
                <line number="73" hits="1" branch="false" />
                <line number="74" hits="1" branch="false" />
                <line number="75" hits="1" branch="false" />
                <line number="76" hits="1" branch="false" />
                <line number="77" hits="1" branch="false" />
                <line number="78" hits="1" branch="false" />
                <line number="79" hits="1" branch="false" />
                <line number="80" hits="1" branch="false" />
                <line number="81" hits="1" branch="false" />
                <line number="82" hits="1" branch="false" />
                <line number="83" hits="1" branch="false" />
                <line number="86" hits="1" branch="false" />
                <line number="87" hits="1" branch="false" />
                <line number="88" hits="1" branch="false" />
                <line number="89" hits="1" branch="false" />
              </lines>
            </method>
          </methods>
          <lines>
            <line number="28" hits="0" branch="false" />
            <line number="34" hits="0" branch="false" />
            <line number="40" hits="0" branch="false" />
            <line number="47" hits="0" branch="false" />
            <line number="48" hits="0" branch="true" condition-coverage="0% (0/2)" />
            <line number="49" hits="0" branch="false" />
            <line number="50" hits="0" branch="false" />
            <line number="51" hits="0" branch="false" />
            <line number="52" hits="0" branch="false" />
            <line number="72" hits="1" branch="false" />
            <line number="73" hits="1" branch="false" />
            <line number="74" hits="1" branch="false" />
            <line number="75" hits="1" branch="false" />
            <line number="76" hits="1" branch="false" />
            <line number="77" hits="1" branch="false" />
            <line number="78" hits="1" branch="false" />
            <line number="79" hits="1" branch="false" />
            <line number="80" hits="1" branch="false" />
            <line number="81" hits="1" branch="false" />
            <line number="82" hits="1" branch="false" />
            <line number="83" hits="1" branch="false" />
            <line number="86" hits="1" branch="false" />
            <line number="87" hits="1" branch="false" />
            <line number="88" hits="1" branch="false" />
            <line number="89" hits="1" branch="false" />
            <line number="100" hits="54" branch="false" />
            <line number="101" hits="54" branch="false" />
            <line number="102" hits="54" branch="false" />
            <line number="104" hits="54" branch="false" />
            <line number="107" hits="54" branch="false" />
            <line number="108" hits="54" branch="false" />
            <line number="109" hits="54" branch="false" />
            <line number="112" hits="54" branch="false" />
[...]
            <line number="295" hits="0" branch="false" />
            <line number="296" hits="0" branch="false" />
            <line number="297" hits="0" branch="false" />
            <line number="298" hits="0" branch="false" />
            <line number="299" hits="0" branch="false" />
            <line number="300" hits="0" branch="false" />
            <line number="303" hits="0" branch="false" />
            <line number="304" hits="0" branch="false" />
            <line number="317" hits="0" branch="false" />
            <line number="318" hits="0" branch="false" />
            <line number="321" hits="0" branch="false" />
            <line number="322" hits="0" branch="false" />
            <line number="323" hits="0" branch="false" />
            <line number="324" hits="0" branch="false" />
            <line number="325" hits="0" branch="false" />
            <line number="326" hits="0" branch="false" />
            <line number="327" hits="0" branch="false" />
            <line number="330" hits="0" branch="false" />
            <line number="331" hits="0" branch="false" />
            <line number="332" hits="0" branch="true" condition-coverage="0% (0/2)" />
            <line number="333" hits="0" branch="false" />
            <line number="334" hits="0" branch="false" />
            <line number="335" hits="0" branch="false" />
            <line number="336" hits="0" branch="false" />
            <line number="337" hits="0" branch="true" condition-coverage="0% (0/2)" />
            <line number="338" hits="0" branch="false" />
            <line number="339" hits="0" branch="false" />
            <line number="340" hits="0" branch="false" />
            <line number="341" hits="0" branch="false" />
            <line number="342" hits="0" branch="false" />
            <line number="343" hits="0" branch="false" />
            <line number="344" hits="0" branch="false" />
            <line number="345" hits="0" branch="false" />
            <line number="348" hits="0" branch="false" />
            <line number="349" hits="0" branch="false" />
            <line number="362" hits="0" branch="false" />
            <line number="363" hits="0" branch="false" />
            <line number="366" hits="0" branch="false" />
            <line number="367" hits="0" branch="false" />
            <line number="368" hits="0" branch="false" />
            <line number="369" hits="0" branch="false" />
            <line number="370" hits="0" branch="false" />
            <line number="371" hits="0" branch="false" />
            <line number="372" hits="0" branch="false" />
            <line number="373" hits="0" branch="false" />
            <line number="374" hits="0" branch="false" />
            <line number="375" hits="0" branch="false" />
            <line number="378" hits="0" branch="false" />
            <line number="379" hits="0" branch="false" />
            <line number="380" hits="0" branch="true" condition-coverage="0% (0/2)" />
            <line number="381" hits="0" branch="false" />
            <line number="382" hits="0" branch="false" />
            <line number="383" hits="0" branch="false" />
            <line number="384" hits="0" branch="false" />
            <line number="385" hits="0" branch="true" condition-coverage="0% (0/2)" />
            <line number="386" hits="0" branch="false" />
            <line number="387" hits="0" branch="false" />
            <line number="388" hits="0" branch="false" />
            <line number="389" hits="0" branch="false" />
            <line number="390" hits="0" branch="false" />
            <line number="391" hits="0" branch="false" />
            <line number="392" hits="0" branch="false" />
            <line number="393" hits="0" branch="false" />
            <line number="396" hits="0" branch="false" />
            <line number="397" hits="0" branch="false" />
            <line number="411" hits="0" branch="false" />
            <line number="412" hits="0" branch="false" />
            <line number="415" hits="0" branch="false" />
            <line number="416" hits="0" branch="false" />
            <line number="417" hits="0" branch="false" />
            <line number="418" hits="0" branch="false" />
            <line number="419" hits="0" branch="false" />
            <line number="420" hits="0" branch="false" />
            <line number="421" hits="0" branch="false" />
            <line number="422" hits="0" branch="false" />
            <line number="423" hits="0" branch="false" />
            <line number="424" hits="0" branch="false" />
            <line number="427" hits="0" branch="false" />
            <line number="428" hits="0" branch="false" />
            <line number="429" hits="0" branch="true" condition-coverage="0% (0/2)" />
            <line number="430" hits="0" branch="false" />
            <line number="431" hits="0" branch="false" />
            <line number="432" hits="0" branch="false" />
            <line number="433" hits="0" branch="false" />
            <line number="434" hits="0" branch="true" condition-coverage="0% (0/2)" />
            <line number="435" hits="0" branch="false" />
            <line number="436" hits="0" branch="false" />
            <line number="437" hits="0" branch="false" />
            <line number="438" hits="0" branch="false" />
            <line number="439" hits="0" branch="false" />
            <line number="440" hits="0" branch="false" />
            <line number="441" hits="0" branch="false" />
            <line number="442" hits="0" branch="false" />
            <line number="445" hits="0" branch="false" />
            <line number="446" hits="0" branch="false" />
            <line number="460" hits="0" branch="false" />
            <line number="461" hits="0" branch="false" />
            <line number="464" hits="0" branch="false" />
            <line number="465" hits="0" branch="false" />
            <line number="466" hits="0" branch="false" />
            <line number="467" hits="0" branch="false" />
            <line number="468" hits="0" branch="false" />
            <line number="469" hits="0" branch="false" />
            <line number="470" hits="0" branch="false" />
            <line number="471" hits="0" branch="false" />
            <line number="472" hits="0" branch="false" />
            <line number="473" hits="0" branch="false" />
            <line number="474" hits="0" branch="false" />
            <line number="477" hits="0" branch="false" />
            <line number="478" hits="0" branch="false" />
            <line number="479" hits="0" branch="true" condition-coverage="0% (0/2)" />
            <line number="480" hits="0" branch="false" />
            <line number="481" hits="0" branch="false" />
            <line number="482" hits="0" branch="false" />
            <line number="483" hits="0" branch="false" />
            <line number="484" hits="0" branch="true" condition-coverage="0% (0/2)" />
            <line number="485" hits="0" branch="false" />
            <line number="486" hits="0" branch="false" />
            <line number="487" hits="0" branch="false" />
            <line number="488" hits="0" branch="false" />
            <line number="489" hits="0" branch="false" />
            <line number="490" hits="0" branch="false" />
            <line number="491" hits="0" branch="false" />
            <line number="492" hits="0" branch="false" />
            <line number="495" hits="0" branch="false" />
            <line number="496" hits="0" branch="false" />
            <line number="509" hits="0" branch="false" />
            <line number="510" hits="0" branch="false" />
            <line number="513" hits="0" branch="false" />
            <line number="514" hits="0" branch="false" />
            <line number="515" hits="0" branch="false" />
            <line number="516" hits="0" branch="false" />
            <line number="517" hits="0" branch="false" />
            <line number="518" hits="0" branch="false" />
            <line number="519" hits="0" branch="false" />
            <line number="520" hits="0" branch="false" />
            <line number="521" hits="0" branch="false" />
            <line number="522" hits="0" branch="false" />
            <line number="525" hits="0" branch="false" />
            <line number="526" hits="0" branch="false" />
            <line number="533" hits="0" branch="false" />
            <line number="534" hits="0" branch="false" />
            <line number="536" hits="0" branch="true" condition-coverage="0% (0/2)" />
            <line number="537" hits="0" branch="false" />
            <line number="538" hits="0" branch="false" />
            <line number="542" hits="0" branch="false" />
            <line number="545" hits="0" branch="false" />
            <line number="548" hits="0" branch="true" condition-coverage="0% (0/4)" />
            <line number="549" hits="0" branch="false" />
            <line number="550" hits="0" branch="false" />
            <line number="551" hits="0" branch="false" />
            <line number="552" hits="0" branch="false" />
            <line number="553" hits="0" branch="false" />
            <line number="554" hits="0" branch="false" />
            <line number="555" hits="0" branch="false" />
            <line number="558" hits="0" branch="false" />
            <line number="559" hits="0" branch="false" />
            <line number="565" hits="1" branch="false" />
            <line number="566" hits="1" branch="true" condition-coverage="50% (1/2)" />
            <line number="567" hits="0" branch="false" />
            <line number="568" hits="0" branch="false" />
            <line number="571" hits="1" branch="false" />
            <line number="574" hits="3" branch="true" condition-coverage="50% (1/2)" />
            <line number="575" hits="0" branch="false" />
            <line number="576" hits="0" branch="false" />
            <line number="577" hits="0" branch="false" />
            <line number="578" hits="0" branch="false" />
            <line number="580" hits="1" branch="false" />
            <line number="583" hits="1" branch="true" condition-coverage="50% (1/2)" />
            <line number="584" hits="0" branch="false" />
            <line number="585" hits="0" branch="false" />
            <line number="586" hits="0" branch="false" />
            <line number="587" hits="0" branch="false" />
            <line number="589" hits="1" branch="false" />
            <line number="590" hits="1" branch="false" />
            <line number="593" hits="0" branch="false" />
            <line number="596" hits="0" branch="false" />
            <line number="597" hits="0" branch="true" condition-coverage="0% (0/2)" />
            <line number="598" hits="0" branch="false" />
            <line number="599" hits="0" branch="true" condition-coverage="0% (0/2)" />
            <line number="600" hits="0" branch="false" />
            <line number="601" hits="0" branch="false" />
            <line number="604" hits="0" branch="false" />
            <line number="605" hits="0" branch="false" />
            <line number="608" hits="0" branch="false" />
            <line number="609" hits="0" branch="false" />
            <line number="617" hits="0" branch="false" />
            <line number="618" hits="0" branch="true" condition-coverage="0% (0/2)" />
            <line number="619" hits="0" branch="false" />
            <line number="620" hits="0" branch="true" condition-coverage="0% (0/2)" />
            <line number="621" hits="0" branch="false" />
            <line number="622" hits="0" branch="false" />
            <line number="624" hits="0" branch="false" />
            <line number="626" hits="0" branch="false" />
            <line number="627" hits="0" branch="false" />
            <line number="630" hits="0" branch="false" />
            <line number="631" hits="0" branch="false" />
            <line number="632" hits="0" branch="false" />
            <line number="633" hits="0" branch="true" condition-coverage="0% (0/2)" />
            <line number="634" hits="0" branch="false" />
            <line number="635" hits="0" branch="false" />
            <line number="639" hits="0" branch="false" />
            <line number="640" hits="0" branch="false" />
            <line number="641" hits="0" branch="false" />
            <line number="642" hits="0" branch="false" />
            <line number="643" hits="0" branch="false" />
            <line number="647" hits="0" branch="false" />
            <line number="648" hits="0" branch="false" />
          </lines>
        </class>
        <class name="dotnet_etcd.WatchStream" filename="/home/runner/work/dotnet-etcd/dotnet-etcd/dotnet-etcd/watchclient/WatchStream.cs" line-rate="0" branch-rate="0" complexity="11">
          <methods>
            <method name="Dispose" signature="()" line-rate="0" branch-rate="1" complexity="1">
              <lines>
                <line number="112" hits="0" branch="false" />
                <line number="113" hits="0" branch="false" />
                <line number="114" hits="0" branch="false" />
                <line number="116" hits="0" branch="false" />
                <line number="117" hits="0" branch="false" />
              </lines>
            </method>
            <method name=".ctor" signature="(dotnet_etcd.interfaces.IAsyncDuplexStreamingCall`2&lt;Etcdserverpb.WatchRequest,Etcdserverpb.WatchResponse&gt;)" line-rate="0" branch-rate="0" complexity="2">
              <lines>
                <line number="18" hits="0" branch="false" />
                <line number="19" hits="0" branch="false" />
                <line number="28" hits="0" branch="false" />
                <line number="29" hits="0" branch="false" />
                <line number="30" hits="0" branch="true" condition-coverage="0% (0/2)" />
                <line number="31" hits="0" branch="false" />
                <line number="32" hits="0" branch="false" />
              </lines>
            </method>
            <method name="CancelWatchAsync" signature="()" line-rate="0" branch-rate="1" complexity="1">
              <lines>
                <line number="59" hits="0" branch="false" />
                <line number="61" hits="0" branch="false" />
                <line number="63" hits="0" branch="false" />
                <line number="66" hits="0" branch="false" />
                <line number="67" hits="0" branch="false" />
              </lines>
            </method>
            <method name="CreateWatchAsync" signature="()" line-rate="0" branch-rate="1" complexity="1">
              <lines>
                <line number="42" hits="0" branch="false" />
                <line number="43" hits="0" branch="false" />
                <line number="45" hits="0" branch="false" />
                <line number="47" hits="0" branch="false" />
                <line number="50" hits="0" branch="false" />
                <line number="51" hits="0" branch="false" />
              </lines>
            </method>
            <method name="ProcessWatchResponses" signature="()" line-rate="0" branch-rate="0" complexity="6">
              <lines>
                <line number="70" hits="0" branch="false" />
                <line number="72" hits="0" branch="false" />
                <line number="73" hits="0" branch="true" condition-coverage="0% (0/2)" />
                <line number="74" hits="0" branch="false" />
                <line number="75" hits="0" branch="false" />
                <line number="76" hits="0" branch="true" condition-coverage="0% (0/2)" />
                <line number="77" hits="0" branch="false" />
                <line number="78" hits="0" branch="false" />
                <line number="81" hits="0" branch="false" />
                <line number="84" hits="0" branch="true" condition-coverage="0% (0/2)" />
                <line number="85" hits="0" branch="false" />
                <line number="86" hits="0" branch="false" />
                <line number="87" hits="0" branch="false" />
                <line number="88" hits="0" branch="false" />
                <line number="89" hits="0" branch="false" />
                <line number="90" hits="0" branch="false" />
                <line number="91" hits="0" branch="false" />
                <line number="93" hits="0" branch="false" />
                <line number="94" hits="0" branch="false" />
                <line number="95" hits="0" branch="false" />
                <line number="97" hits="0" branch="false" />
                <line number="98" hits="0" branch="false" />
                <line number="99" hits="0" branch="false" />
                <line number="101" hits="0" branch="false" />
                <line number="103" hits="0" branch="false" />
                <line number="106" hits="0" branch="false" />
              </lines>
            </method>
          </methods>
          <lines>
            <line number="18" hits="0" branch="false" />
            <line number="19" hits="0" branch="false" />
            <line number="28" hits="0" branch="false" />
            <line number="29" hits="0" branch="false" />
            <line number="30" hits="0" branch="true" condition-coverage="0% (0/2)" />
            <line number="31" hits="0" branch="false" />
            <line number="32" hits="0" branch="false" />
            <line number="42" hits="0" branch="false" />
            <line number="43" hits="0" branch="false" />
            <line number="45" hits="0" branch="false" />
            <line number="47" hits="0" branch="false" />
            <line number="50" hits="0" branch="false" />
            <line number="51" hits="0" branch="false" />
            <line number="59" hits="0" branch="false" />
            <line number="61" hits="0" branch="false" />
            <line number="63" hits="0" branch="false" />
            <line number="66" hits="0" branch="false" />
            <line number="67" hits="0" branch="false" />
            <line number="70" hits="0" branch="false" />
            <line number="72" hits="0" branch="false" />
            <line number="73" hits="0" branch="true" condition-coverage="0% (0/2)" />
            <line number="74" hits="0" branch="false" />
            <line number="75" hits="0" branch="false" />
            <line number="76" hits="0" branch="true" condition-coverage="0% (0/2)" />
            <line number="77" hits="0" branch="false" />
            <line number="78" hits="0" branch="false" />
            <line number="81" hits="0" branch="false" />
            <line number="84" hits="0" branch="true" condition-coverage="0% (0/2)" />
            <line number="85" hits="0" branch="false" />
            <line number="86" hits="0" branch="false" />
            <line number="87" hits="0" branch="false" />
            <line number="88" hits="0" branch="false" />
            <line number="89" hits="0" branch="false" />
            <line number="90" hits="0" branch="false" />
            <line number="91" hits="0" branch="false" />
            <line number="93" hits="0" branch="false" />
            <line number="94" hits="0" branch="false" />
            <line number="95" hits="0" branch="false" />
            <line number="97" hits="0" branch="false" />
            <line number="98" hits="0" branch="false" />
            <line number="99" hits="0" branch="false" />
            <line number="101" hits="0" branch="false" />
            <line number="103" hits="0" branch="false" />
            <line number="106" hits="0" branch="false" />
            <line number="112" hits="0" branch="false" />
            <line number="113" hits="0" branch="false" />
            <line number="114" hits="0" branch="false" />
            <line number="116" hits="0" branch="false" />
            <line number="117" hits="0" branch="false" />
          </lines>
        </class>
      </classes>
    </package>
  </packages>
</coverage>